<?xml version="1.0" encoding="UTF-8"?>
<coverage generated="1674136452108" clover="3.2.0">
  <project timestamp="1674136452108" name="All files">
    <metrics statements="843" coveredstatements="812" conditionals="145" coveredconditionals="132" methods="41" coveredmethods="39" elements="1029" coveredelements="983" complexity="0" loc="843" ncloc="843" packages="4" files="8" classes="8"/>
    <package name="examples.games">
      <metrics statements="232" coveredstatements="217" conditionals="65" coveredconditionals="60" methods="15" coveredmethods="15"/>
      <file name="mancala.js" path="/home/dom/Documents/Projects/Azul/minimaxer/examples/games/mancala.js">
        <metrics statements="115" coveredstatements="100" conditionals="28" coveredconditionals="23" methods="6" coveredmethods="6"/>
        <line num="1" count="1" type="cond" truecount="1" falsecount="0"/>
        <line num="2" count="1" type="stmt"/>
        <line num="3" count="1" type="cond" truecount="1" falsecount="0"/>
        <line num="4" count="796072" type="stmt"/>
        <line num="5" count="796072" type="stmt"/>
        <line num="6" count="796072" type="stmt"/>
        <line num="7" count="796072" type="stmt"/>
        <line num="8" count="796072" type="stmt"/>
        <line num="9" count="796072" type="stmt"/>
        <line num="10" count="796072" type="stmt"/>
        <line num="11" count="1" type="cond" truecount="1" falsecount="0"/>
        <line num="12" count="4" type="stmt"/>
        <line num="13" count="4" type="stmt"/>
        <line num="14" count="4" type="stmt"/>
        <line num="15" count="4" type="stmt"/>
        <line num="16" count="4" type="stmt"/>
        <line num="17" count="1" type="cond" truecount="1" falsecount="0"/>
        <line num="18" count="796072" type="cond" truecount="1" falsecount="0"/>
        <line num="19" count="4776432" type="cond" truecount="1" falsecount="0"/>
        <line num="20" count="3932796" type="stmt"/>
        <line num="21" count="3932796" type="stmt"/>
        <line num="22" count="4776432" type="stmt"/>
        <line num="23" count="796072" type="stmt"/>
        <line num="24" count="796072" type="stmt"/>
        <line num="25" count="1" type="cond" truecount="1" falsecount="0"/>
        <line num="26" count="796068" type="cond" truecount="0" falsecount="1"/>
        <line num="27" count="0" type="stmt"/>
        <line num="28" count="0" type="stmt"/>
        <line num="29" count="0" type="stmt"/>
        <line num="30" count="0" type="stmt"/>
        <line num="31" count="0" type="stmt"/>
        <line num="32" count="796068" type="stmt"/>
        <line num="33" count="796068" type="stmt"/>
        <line num="34" count="796068" type="stmt"/>
        <line num="35" count="796068" type="cond" truecount="1" falsecount="0"/>
        <line num="36" count="3632427" type="stmt"/>
        <line num="37" count="3632427" type="cond" truecount="1" falsecount="0"/>
        <line num="38" count="1582838" type="stmt"/>
        <line num="39" count="1582838" type="stmt"/>
        <line num="40" count="2049589" type="cond" truecount="2" falsecount="0"/>
        <line num="41" count="553823" type="stmt"/>
        <line num="42" count="553823" type="stmt"/>
        <line num="43" count="1495766" type="cond" truecount="2" falsecount="0"/>
        <line num="44" count="2607" type="stmt"/>
        <line num="45" count="2607" type="stmt"/>
        <line num="46" count="1493159" type="cond" truecount="1" falsecount="0"/>
        <line num="47" count="1493159" type="stmt"/>
        <line num="48" count="1493159" type="stmt"/>
        <line num="49" count="3632427" type="stmt"/>
        <line num="50" count="796068" type="stmt"/>
        <line num="51" count="796068" type="cond" truecount="2" falsecount="0"/>
        <line num="52" count="35126" type="stmt"/>
        <line num="53" count="35126" type="stmt"/>
        <line num="54" count="35126" type="cond" truecount="1" falsecount="0"/>
        <line num="55" count="25918" type="stmt"/>
        <line num="56" count="25918" type="stmt"/>
        <line num="57" count="25918" type="stmt"/>
        <line num="58" count="25918" type="stmt"/>
        <line num="59" count="35126" type="stmt"/>
        <line num="60" count="796068" type="stmt"/>
        <line num="61" count="796068" type="cond" truecount="1" falsecount="0"/>
        <line num="62" count="1592136" type="stmt"/>
        <line num="63" count="1592136" type="cond" truecount="1" falsecount="0"/>
        <line num="64" count="1999720" type="cond" truecount="1" falsecount="0"/>
        <line num="65" count="1592136" type="stmt"/>
        <line num="66" count="1592136" type="stmt"/>
        <line num="67" count="1592136" type="stmt"/>
        <line num="68" count="1999720" type="stmt"/>
        <line num="69" count="1592136" type="cond" truecount="0" falsecount="1"/>
        <line num="70" count="0" type="stmt"/>
        <line num="71" count="0" type="stmt"/>
        <line num="72" count="0" type="stmt"/>
        <line num="73" count="1592136" type="stmt"/>
        <line num="74" count="796068" type="stmt"/>
        <line num="75" count="796068" type="stmt"/>
        <line num="76" count="796068" type="stmt"/>
        <line num="77" count="796068" type="cond" truecount="0" falsecount="2"/>
        <line num="78" count="0" type="stmt"/>
        <line num="79" count="0" type="stmt"/>
        <line num="80" count="796068" type="stmt"/>
        <line num="81" count="796068" type="stmt"/>
        <line num="82" count="796068" type="stmt"/>
        <line num="83" count="796068" type="stmt"/>
        <line num="84" count="1" type="cond" truecount="1" falsecount="0"/>
        <line num="85" count="796068" type="stmt"/>
        <line num="86" count="796068" type="cond" truecount="1" falsecount="0"/>
        <line num="87" count="1592136" type="stmt"/>
        <line num="88" count="796068" type="stmt"/>
        <line num="89" count="796068" type="stmt"/>
        <line num="90" count="796068" type="stmt"/>
        <line num="91" count="796068" type="stmt"/>
        <line num="92" count="796068" type="stmt"/>
        <line num="93" count="796068" type="stmt"/>
        <line num="94" count="796068" type="stmt"/>
        <line num="95" count="1" type="stmt"/>
        <line num="96" count="1" type="cond" truecount="1" falsecount="0"/>
        <line num="97" count="796068" type="stmt"/>
        <line num="98" count="796068" type="stmt"/>
        <line num="99" count="796068" type="stmt"/>
        <line num="100" count="796068" type="stmt"/>
        <line num="101" count="796068" type="stmt"/>
        <line num="102" count="796068" type="stmt"/>
        <line num="103" count="796068" type="cond" truecount="0" falsecount="1"/>
        <line num="104" count="0" type="stmt"/>
        <line num="105" count="0" type="stmt"/>
        <line num="106" count="0" type="stmt"/>
        <line num="107" count="0" type="stmt"/>
        <line num="108" count="0" type="stmt"/>
        <line num="109" count="796068" type="stmt"/>
        <line num="110" count="796068" type="stmt"/>
        <line num="111" count="796068" type="stmt"/>
        <line num="112" count="796068" type="stmt"/>
        <line num="113" count="796068" type="stmt"/>
        <line num="114" count="796068" type="stmt"/>
        <line num="115" count="1" type="stmt"/>
      </file>
      <file name="tictactoe.js" path="/home/dom/Documents/Projects/Azul/minimaxer/examples/games/tictactoe.js">
        <metrics statements="117" coveredstatements="117" conditionals="37" coveredconditionals="37" methods="9" coveredmethods="9"/>
        <line num="1" count="3" type="cond" truecount="1" falsecount="0"/>
        <line num="2" count="3" type="stmt"/>
        <line num="3" count="3" type="cond" truecount="1" falsecount="0"/>
        <line num="4" count="1189345" type="stmt"/>
        <line num="5" count="1189345" type="stmt"/>
        <line num="6" count="1189345" type="stmt"/>
        <line num="7" count="1189345" type="stmt"/>
        <line num="8" count="1189345" type="stmt"/>
        <line num="9" count="1189345" type="stmt"/>
        <line num="10" count="1189345" type="stmt"/>
        <line num="11" count="3" type="stmt"/>
        <line num="12" count="3" type="cond" truecount="1" falsecount="0"/>
        <line num="13" count="3" type="stmt"/>
        <line num="14" count="3" type="cond" truecount="1" falsecount="0"/>
        <line num="15" count="9" type="stmt"/>
        <line num="16" count="9" type="stmt"/>
        <line num="17" count="3" type="stmt"/>
        <line num="18" count="3" type="stmt"/>
        <line num="19" count="3" type="stmt"/>
        <line num="20" count="3" type="cond" truecount="1" falsecount="0"/>
        <line num="21" count="1189339" type="stmt"/>
        <line num="22" count="1189339" type="cond" truecount="1" falsecount="0"/>
        <line num="23" count="3568017" type="cond" truecount="1" falsecount="0"/>
        <line num="24" count="10704051" type="cond" truecount="1" falsecount="0"/>
        <line num="25" count="1639884" type="stmt"/>
        <line num="26" count="1639884" type="stmt"/>
        <line num="27" count="10704051" type="stmt"/>
        <line num="28" count="3568017" type="stmt"/>
        <line num="29" count="1189339" type="stmt"/>
        <line num="30" count="3" type="stmt"/>
        <line num="31" count="3" type="cond" truecount="1" falsecount="0"/>
        <line num="32" count="1189335" type="stmt"/>
        <line num="33" count="1189335" type="stmt"/>
        <line num="34" count="1189335" type="stmt"/>
        <line num="35" count="1189335" type="cond" truecount="1" falsecount="0"/>
        <line num="36" count="632341" type="stmt"/>
        <line num="37" count="1189335" type="cond" truecount="1" falsecount="0"/>
        <line num="38" count="556994" type="stmt"/>
        <line num="39" count="556994" type="stmt"/>
        <line num="40" count="1189335" type="stmt"/>
        <line num="41" count="1189335" type="cond" truecount="1" falsecount="0"/>
        <line num="42" count="267330" type="stmt"/>
        <line num="43" count="267330" type="stmt"/>
        <line num="44" count="1189335" type="stmt"/>
        <line num="45" count="3" type="stmt"/>
        <line num="46" count="3" type="cond" truecount="1" falsecount="0"/>
        <line num="47" count="1189335" type="stmt"/>
        <line num="48" count="1189335" type="stmt"/>
        <line num="49" count="1189335" type="stmt"/>
        <line num="50" count="1189335" type="stmt"/>
        <line num="51" count="1189335" type="cond" truecount="1" falsecount="0"/>
        <line num="52" count="447872" type="stmt"/>
        <line num="53" count="1189335" type="cond" truecount="1" falsecount="0"/>
        <line num="54" count="156396" type="stmt"/>
        <line num="55" count="156396" type="stmt"/>
        <line num="56" count="156396" type="stmt"/>
        <line num="57" count="1189335" type="cond" truecount="1" falsecount="0"/>
        <line num="58" count="1032939" type="cond" truecount="1" falsecount="0"/>
        <line num="59" count="407544" type="stmt"/>
        <line num="60" count="1032939" type="cond" truecount="1" falsecount="0"/>
        <line num="61" count="145082" type="stmt"/>
        <line num="62" count="145082" type="stmt"/>
        <line num="63" count="145082" type="stmt"/>
        <line num="64" count="1032939" type="cond" truecount="4" falsecount="0"/>
        <line num="65" count="74235" type="stmt"/>
        <line num="66" count="74235" type="stmt"/>
        <line num="67" count="887857" type="cond" truecount="4" falsecount="0"/>
        <line num="68" count="73182" type="stmt"/>
        <line num="69" count="73182" type="stmt"/>
        <line num="70" count="73182" type="stmt"/>
        <line num="71" count="1189335" type="stmt"/>
        <line num="72" count="3" type="stmt"/>
        <line num="73" count="3" type="cond" truecount="1" falsecount="0"/>
        <line num="74" count="1189342" type="stmt"/>
        <line num="75" count="1189342" type="cond" truecount="1" falsecount="0"/>
        <line num="76" count="3568026" type="stmt"/>
        <line num="77" count="1189342" type="stmt"/>
        <line num="78" count="1189342" type="cond" truecount="1" falsecount="0"/>
        <line num="79" count="2829244" type="stmt"/>
        <line num="80" count="1189342" type="stmt"/>
        <line num="81" count="1189342" type="stmt"/>
        <line num="82" count="1189342" type="stmt"/>
        <line num="83" count="1189342" type="stmt"/>
        <line num="84" count="1189342" type="stmt"/>
        <line num="85" count="3" type="stmt"/>
        <line num="86" count="3" type="stmt"/>
        <line num="87" count="3" type="cond" truecount="1" falsecount="0"/>
        <line num="88" count="631285" type="stmt"/>
        <line num="89" count="3" type="stmt"/>
        <line num="90" count="3" type="stmt"/>
        <line num="91" count="3" type="cond" truecount="1" falsecount="0"/>
        <line num="92" count="1189335" type="stmt"/>
        <line num="93" count="1189335" type="stmt"/>
        <line num="94" count="1189335" type="stmt"/>
        <line num="95" count="1189335" type="stmt"/>
        <line num="96" count="1189335" type="stmt"/>
        <line num="97" count="1189335" type="stmt"/>
        <line num="98" count="1189335" type="cond" truecount="1" falsecount="0"/>
        <line num="99" count="547996" type="stmt"/>
        <line num="100" count="1189335" type="cond" truecount="1" falsecount="0"/>
        <line num="101" count="641339" type="stmt"/>
        <line num="102" count="641339" type="stmt"/>
        <line num="103" count="3" type="stmt"/>
        <line num="104" count="3" type="stmt"/>
        <line num="105" count="3" type="cond" truecount="1" falsecount="0"/>
        <line num="106" count="842848" type="stmt"/>
        <line num="107" count="842848" type="stmt"/>
        <line num="108" count="842848" type="stmt"/>
        <line num="109" count="842848" type="cond" truecount="1" falsecount="0"/>
        <line num="110" count="384425" type="stmt"/>
        <line num="111" count="842848" type="cond" truecount="1" falsecount="0"/>
        <line num="112" count="279955" type="stmt"/>
        <line num="113" count="279955" type="stmt"/>
        <line num="114" count="842848" type="cond" truecount="1" falsecount="0"/>
        <line num="115" count="178468" type="stmt"/>
        <line num="116" count="842848" type="stmt"/>
        <line num="117" count="3" type="stmt"/>
      </file>
    </package>
    <package name="src">
      <metrics statements="6" coveredstatements="6" conditionals="0" coveredconditionals="0" methods="0" coveredmethods="0"/>
      <file name="index.ts" path="/home/dom/Documents/Projects/Azul/minimaxer/src/index.ts">
        <metrics statements="6" coveredstatements="6" conditionals="0" coveredconditionals="0" methods="0" coveredmethods="0"/>
        <line num="1" count="1" type="stmt"/>
        <line num="2" count="1" type="stmt"/>
        <line num="3" count="1" type="stmt"/>
        <line num="4" count="1" type="stmt"/>
        <line num="5" count="1" type="stmt"/>
        <line num="6" count="1" type="stmt"/>
      </file>
    </package>
    <package name="src.negamax">
      <metrics statements="300" coveredstatements="288" conditionals="42" coveredconditionals="35" methods="11" coveredmethods="11"/>
      <file name="index.ts" path="/home/dom/Documents/Projects/Azul/minimaxer/src/negamax/index.ts">
        <metrics statements="24" coveredstatements="24" conditionals="1" coveredconditionals="1" methods="1" coveredmethods="1"/>
        <line num="1" count="1" type="stmt"/>
        <line num="2" count="1" type="stmt"/>
        <line num="3" count="1" type="stmt"/>
        <line num="4" count="1" type="stmt"/>
        <line num="5" count="1" type="stmt"/>
        <line num="6" count="1" type="stmt"/>
        <line num="7" count="1" type="stmt"/>
        <line num="8" count="1" type="stmt"/>
        <line num="9" count="1" type="stmt"/>
        <line num="10" count="1" type="stmt"/>
        <line num="11" count="1" type="stmt"/>
        <line num="12" count="1" type="stmt"/>
        <line num="13" count="1" type="stmt"/>
        <line num="14" count="1" type="stmt"/>
        <line num="15" count="1" type="stmt"/>
        <line num="16" count="1" type="cond" truecount="1" falsecount="0"/>
        <line num="17" count="83" type="stmt"/>
        <line num="18" count="83" type="stmt"/>
        <line num="19" count="83" type="stmt"/>
        <line num="20" count="83" type="stmt"/>
        <line num="21" count="83" type="stmt"/>
        <line num="22" count="83" type="stmt"/>
        <line num="23" count="83" type="stmt"/>
        <line num="24" count="1" type="stmt"/>
      </file>
      <file name="negamax.ts" path="/home/dom/Documents/Projects/Azul/minimaxer/src/negamax/negamax.ts">
        <metrics statements="276" coveredstatements="264" conditionals="41" coveredconditionals="34" methods="10" coveredmethods="10"/>
        <line num="1" count="1" type="stmt"/>
        <line num="2" count="1" type="stmt"/>
        <line num="3" count="1" type="stmt"/>
        <line num="4" count="1" type="stmt"/>
        <line num="5" count="1" type="stmt"/>
        <line num="6" count="1" type="stmt"/>
        <line num="7" count="1" type="stmt"/>
        <line num="8" count="1" type="stmt"/>
        <line num="9" count="1" type="stmt"/>
        <line num="10" count="1" type="stmt"/>
        <line num="11" count="1" type="stmt"/>
        <line num="12" count="1" type="stmt"/>
        <line num="13" count="1" type="stmt"/>
        <line num="14" count="1" type="stmt"/>
        <line num="15" count="1" type="stmt"/>
        <line num="16" count="1" type="stmt"/>
        <line num="17" count="1" type="stmt"/>
        <line num="18" count="1" type="stmt"/>
        <line num="19" count="1" type="stmt"/>
        <line num="20" count="1" type="stmt"/>
        <line num="21" count="1" type="stmt"/>
        <line num="22" count="1" type="stmt"/>
        <line num="23" count="1" type="stmt"/>
        <line num="24" count="1" type="stmt"/>
        <line num="25" count="1" type="stmt"/>
        <line num="26" count="1" type="stmt"/>
        <line num="27" count="1" type="stmt"/>
        <line num="28" count="1" type="stmt"/>
        <line num="29" count="1" type="stmt"/>
        <line num="30" count="1" type="stmt"/>
        <line num="31" count="1" type="stmt"/>
        <line num="32" count="1" type="stmt"/>
        <line num="33" count="1" type="stmt"/>
        <line num="34" count="1" type="stmt"/>
        <line num="35" count="1" type="stmt"/>
        <line num="36" count="1" type="stmt"/>
        <line num="37" count="1" type="stmt"/>
        <line num="38" count="1" type="stmt"/>
        <line num="39" count="1" type="cond" truecount="1" falsecount="0"/>
        <line num="40" count="10" type="stmt"/>
        <line num="41" count="10" type="stmt"/>
        <line num="42" count="10" type="stmt"/>
        <line num="43" count="10" type="stmt"/>
        <line num="44" count="10" type="stmt"/>
        <line num="45" count="1" type="stmt"/>
        <line num="46" count="1" type="stmt"/>
        <line num="47" count="1" type="stmt"/>
        <line num="48" count="1" type="stmt"/>
        <line num="49" count="1" type="stmt"/>
        <line num="50" count="1" type="stmt"/>
        <line num="51" count="1" type="stmt"/>
        <line num="52" count="1" type="stmt"/>
        <line num="53" count="1" type="stmt"/>
        <line num="54" count="1" type="stmt"/>
        <line num="55" count="1" type="stmt"/>
        <line num="56" count="1" type="stmt"/>
        <line num="57" count="1" type="stmt"/>
        <line num="58" count="1" type="stmt"/>
        <line num="59" count="1" type="stmt"/>
        <line num="60" count="1" type="cond" truecount="1" falsecount="0"/>
        <line num="61" count="83" type="stmt"/>
        <line num="62" count="83" type="stmt"/>
        <line num="63" count="83" type="stmt"/>
        <line num="64" count="83" type="stmt"/>
        <line num="65" count="83" type="stmt"/>
        <line num="66" count="83" type="stmt"/>
        <line num="67" count="83" type="stmt"/>
        <line num="68" count="83" type="stmt"/>
        <line num="69" count="83" type="stmt"/>
        <line num="70" count="83" type="stmt"/>
        <line num="71" count="83" type="stmt"/>
        <line num="72" count="83" type="stmt"/>
        <line num="73" count="83" type="stmt"/>
        <line num="74" count="83" type="stmt"/>
        <line num="75" count="83" type="stmt"/>
        <line num="76" count="83" type="stmt"/>
        <line num="77" count="83" type="stmt"/>
        <line num="78" count="1" type="stmt"/>
        <line num="79" count="1" type="stmt"/>
        <line num="80" count="1" type="stmt"/>
        <line num="81" count="1" type="stmt"/>
        <line num="82" count="1" type="stmt"/>
        <line num="83" count="1" type="stmt"/>
        <line num="84" count="1" type="stmt"/>
        <line num="85" count="1" type="stmt"/>
        <line num="86" count="1" type="stmt"/>
        <line num="87" count="1" type="stmt"/>
        <line num="88" count="1" type="stmt"/>
        <line num="89" count="1" type="stmt"/>
        <line num="90" count="1" type="stmt"/>
        <line num="91" count="1" type="stmt"/>
        <line num="92" count="1" type="stmt"/>
        <line num="93" count="1" type="cond" truecount="1" falsecount="0"/>
        <line num="94" count="6" type="stmt"/>
        <line num="95" count="6" type="stmt"/>
        <line num="96" count="6" type="stmt"/>
        <line num="97" count="6" type="stmt"/>
        <line num="98" count="6" type="stmt"/>
        <line num="99" count="6" type="stmt"/>
        <line num="100" count="6" type="stmt"/>
        <line num="101" count="6" type="stmt"/>
        <line num="102" count="6" type="cond" truecount="1" falsecount="0"/>
        <line num="103" count="51" type="stmt"/>
        <line num="104" count="51" type="cond" truecount="2" falsecount="0"/>
        <line num="105" count="6" type="stmt"/>
        <line num="106" count="6" type="stmt"/>
        <line num="107" count="45" type="cond" truecount="1" falsecount="0"/>
        <line num="108" count="45" type="stmt"/>
        <line num="109" count="0" type="cond" truecount="0" falsecount="1"/>
        <line num="110" count="1" type="stmt"/>
        <line num="111" count="1" type="stmt"/>
        <line num="112" count="1" type="stmt"/>
        <line num="113" count="1" type="stmt"/>
        <line num="114" count="1" type="stmt"/>
        <line num="115" count="1" type="stmt"/>
        <line num="116" count="1" type="stmt"/>
        <line num="117" count="1" type="stmt"/>
        <line num="118" count="1" type="stmt"/>
        <line num="119" count="1" type="stmt"/>
        <line num="120" count="1" type="stmt"/>
        <line num="121" count="1" type="stmt"/>
        <line num="122" count="1" type="stmt"/>
        <line num="123" count="1" type="stmt"/>
        <line num="124" count="1" type="stmt"/>
        <line num="125" count="1" type="cond" truecount="1" falsecount="0"/>
        <line num="126" count="4" type="stmt"/>
        <line num="127" count="4" type="stmt"/>
        <line num="128" count="4" type="stmt"/>
        <line num="129" count="4" type="stmt"/>
        <line num="130" count="4" type="stmt"/>
        <line num="131" count="4" type="stmt"/>
        <line num="132" count="4" type="cond" truecount="1" falsecount="0"/>
        <line num="133" count="32" type="stmt"/>
        <line num="134" count="32" type="stmt"/>
        <line num="135" count="32" type="cond" truecount="1" falsecount="0"/>
        <line num="136" count="4" type="stmt"/>
        <line num="137" count="4" type="stmt"/>
        <line num="138" count="32" type="stmt"/>
        <line num="139" count="0" type="cond" truecount="0" falsecount="1"/>
        <line num="140" count="1" type="stmt"/>
        <line num="141" count="1" type="stmt"/>
        <line num="142" count="1" type="stmt"/>
        <line num="143" count="1" type="stmt"/>
        <line num="144" count="1" type="cond" truecount="1" falsecount="0"/>
        <line num="145" count="77" type="stmt"/>
        <line num="146" count="77" type="stmt"/>
        <line num="147" count="1" type="stmt"/>
        <line num="148" count="1" type="stmt"/>
        <line num="149" count="1" type="stmt"/>
        <line num="150" count="1" type="stmt"/>
        <line num="151" count="1" type="stmt"/>
        <line num="152" count="1" type="stmt"/>
        <line num="153" count="1" type="stmt"/>
        <line num="154" count="1" type="stmt"/>
        <line num="155" count="1" type="stmt"/>
        <line num="156" count="1" type="stmt"/>
        <line num="157" count="1" type="stmt"/>
        <line num="158" count="1" type="stmt"/>
        <line num="159" count="1" type="stmt"/>
        <line num="160" count="1" type="stmt"/>
        <line num="161" count="1" type="stmt"/>
        <line num="162" count="1" type="stmt"/>
        <line num="163" count="1" type="stmt"/>
        <line num="164" count="1" type="cond" truecount="1" falsecount="0"/>
        <line num="165" count="2448108" type="stmt"/>
        <line num="166" count="2448108" type="cond" truecount="2" falsecount="0"/>
        <line num="167" count="1607891" type="stmt"/>
        <line num="168" count="2448108" type="cond" truecount="1" falsecount="0"/>
        <line num="169" count="840217" type="stmt"/>
        <line num="170" count="840217" type="cond" truecount="0" falsecount="1"/>
        <line num="171" count="0" type="stmt"/>
        <line num="172" count="0" type="stmt"/>
        <line num="173" count="840217" type="stmt"/>
        <line num="174" count="840217" type="stmt"/>
        <line num="175" count="840217" type="stmt"/>
        <line num="176" count="840217" type="stmt"/>
        <line num="177" count="840217" type="cond" truecount="1" falsecount="0"/>
        <line num="178" count="2448025" type="stmt"/>
        <line num="179" count="2448025" type="stmt"/>
        <line num="180" count="2448025" type="cond" truecount="0" falsecount="1"/>
        <line num="181" count="0" type="stmt"/>
        <line num="182" count="0" type="stmt"/>
        <line num="183" count="2448025" type="stmt"/>
        <line num="184" count="2448025" type="cond" truecount="1" falsecount="0"/>
        <line num="185" count="126214" type="stmt"/>
        <line num="186" count="126214" type="stmt"/>
        <line num="187" count="126214" type="stmt"/>
        <line num="188" count="126214" type="stmt"/>
        <line num="189" count="126214" type="cond" truecount="1" falsecount="0"/>
        <line num="190" count="41515" type="stmt"/>
        <line num="191" count="41515" type="stmt"/>
        <line num="192" count="126214" type="stmt"/>
        <line num="193" count="2448025" type="stmt"/>
        <line num="194" count="840217" type="stmt"/>
        <line num="195" count="840217" type="stmt"/>
        <line num="196" count="840217" type="stmt"/>
        <line num="197" count="840217" type="stmt"/>
        <line num="198" count="2448108" type="stmt"/>
        <line num="199" count="1" type="stmt"/>
        <line num="200" count="1" type="stmt"/>
        <line num="201" count="1" type="stmt"/>
        <line num="202" count="1" type="stmt"/>
        <line num="203" count="1" type="stmt"/>
        <line num="204" count="1" type="stmt"/>
        <line num="205" count="1" type="stmt"/>
        <line num="206" count="1" type="stmt"/>
        <line num="207" count="1" type="cond" truecount="1" falsecount="0"/>
        <line num="208" count="1607891" type="stmt"/>
        <line num="209" count="1607891" type="stmt"/>
        <line num="210" count="1607891" type="stmt"/>
        <line num="211" count="1607891" type="stmt"/>
        <line num="212" count="1607891" type="stmt"/>
        <line num="213" count="1607891" type="cond" truecount="3" falsecount="0"/>
        <line num="214" count="1318614" type="stmt"/>
        <line num="215" count="1318614" type="stmt"/>
        <line num="216" count="1318614" type="stmt"/>
        <line num="217" count="289277" type="cond" truecount="1" falsecount="0"/>
        <line num="218" count="289277" type="stmt"/>
        <line num="219" count="1" type="stmt"/>
        <line num="220" count="1" type="stmt"/>
        <line num="221" count="1" type="stmt"/>
        <line num="222" count="1" type="stmt"/>
        <line num="223" count="1" type="stmt"/>
        <line num="224" count="1" type="cond" truecount="1" falsecount="0"/>
        <line num="225" count="840217" type="cond" truecount="1" falsecount="0"/>
        <line num="226" count="632905" type="cond" truecount="0" falsecount="1"/>
        <line num="227" count="0" type="stmt"/>
        <line num="228" count="632905" type="cond" truecount="0" falsecount="1"/>
        <line num="229" count="0" type="stmt"/>
        <line num="230" count="0" type="stmt"/>
        <line num="231" count="0" type="stmt"/>
        <line num="232" count="632905" type="stmt"/>
        <line num="233" count="840217" type="stmt"/>
        <line num="234" count="840217" type="stmt"/>
        <line num="235" count="1" type="stmt"/>
        <line num="236" count="1" type="stmt"/>
        <line num="237" count="1" type="stmt"/>
        <line num="238" count="1" type="stmt"/>
        <line num="239" count="1" type="stmt"/>
        <line num="240" count="1" type="stmt"/>
        <line num="241" count="1" type="stmt"/>
        <line num="242" count="1" type="cond" truecount="1" falsecount="0"/>
        <line num="243" count="840217" type="cond" truecount="1" falsecount="0"/>
        <line num="244" count="12256" type="stmt"/>
        <line num="245" count="12256" type="cond" truecount="1" falsecount="0"/>
        <line num="246" count="5915" type="stmt"/>
        <line num="247" count="12256" type="cond" truecount="1" falsecount="0"/>
        <line num="248" count="6341" type="stmt"/>
        <line num="249" count="6341" type="stmt"/>
        <line num="250" count="12256" type="stmt"/>
        <line num="251" count="840217" type="cond" truecount="1" falsecount="0"/>
        <line num="252" count="827961" type="stmt"/>
        <line num="253" count="827961" type="stmt"/>
        <line num="254" count="827961" type="cond" truecount="3" falsecount="0"/>
        <line num="255" count="949" type="stmt"/>
        <line num="256" count="949" type="stmt"/>
        <line num="257" count="827961" type="stmt"/>
        <line num="258" count="827961" type="stmt"/>
        <line num="259" count="840217" type="stmt"/>
        <line num="260" count="1" type="stmt"/>
        <line num="261" count="1" type="stmt"/>
        <line num="262" count="1" type="stmt"/>
        <line num="263" count="1" type="stmt"/>
        <line num="264" count="1" type="stmt"/>
        <line num="265" count="1" type="cond" truecount="1" falsecount="0"/>
        <line num="266" count="840217" type="stmt"/>
        <line num="267" count="840217" type="cond" truecount="0" falsecount="1"/>
        <line num="268" count="0" type="stmt"/>
        <line num="269" count="0" type="stmt"/>
        <line num="270" count="840217" type="stmt"/>
        <line num="271" count="840217" type="stmt"/>
        <line num="272" count="840217" type="stmt"/>
        <line num="273" count="840217" type="stmt"/>
        <line num="274" count="840217" type="stmt"/>
        <line num="275" count="840217" type="stmt"/>
        <line num="276" count="1" type="stmt"/>
      </file>
    </package>
    <package name="src.tree">
      <metrics statements="305" coveredstatements="301" conditionals="38" coveredconditionals="37" methods="15" coveredmethods="13"/>
      <file name="node.ts" path="/home/dom/Documents/Projects/Azul/minimaxer/src/tree/node.ts">
        <metrics statements="74" coveredstatements="74" conditionals="1" coveredconditionals="1" methods="1" coveredmethods="1"/>
        <line num="1" count="1" type="stmt"/>
        <line num="2" count="1" type="stmt"/>
        <line num="3" count="1" type="stmt"/>
        <line num="4" count="1" type="stmt"/>
        <line num="5" count="1" type="stmt"/>
        <line num="6" count="1" type="stmt"/>
        <line num="7" count="1" type="stmt"/>
        <line num="8" count="1" type="stmt"/>
        <line num="9" count="1" type="stmt"/>
        <line num="10" count="1" type="stmt"/>
        <line num="11" count="1" type="stmt"/>
        <line num="12" count="1" type="stmt"/>
        <line num="13" count="1" type="stmt"/>
        <line num="14" count="1" type="stmt"/>
        <line num="15" count="1" type="stmt"/>
        <line num="16" count="1" type="stmt"/>
        <line num="17" count="1" type="stmt"/>
        <line num="18" count="1" type="stmt"/>
        <line num="19" count="1" type="stmt"/>
        <line num="20" count="1" type="stmt"/>
        <line num="21" count="1" type="stmt"/>
        <line num="22" count="1" type="stmt"/>
        <line num="23" count="1" type="stmt"/>
        <line num="24" count="1" type="stmt"/>
        <line num="25" count="1" type="stmt"/>
        <line num="26" count="1" type="stmt"/>
        <line num="27" count="1" type="stmt"/>
        <line num="28" count="1" type="stmt"/>
        <line num="29" count="1" type="stmt"/>
        <line num="30" count="1" type="stmt"/>
        <line num="31" count="1" type="stmt"/>
        <line num="32" count="1" type="stmt"/>
        <line num="33" count="1" type="stmt"/>
        <line num="34" count="1" type="stmt"/>
        <line num="35" count="1" type="stmt"/>
        <line num="36" count="1" type="stmt"/>
        <line num="37" count="1" type="stmt"/>
        <line num="38" count="1" type="stmt"/>
        <line num="39" count="1" type="stmt"/>
        <line num="40" count="1" type="stmt"/>
        <line num="41" count="1" type="stmt"/>
        <line num="42" count="1" type="stmt"/>
        <line num="43" count="1" type="stmt"/>
        <line num="44" count="1" type="stmt"/>
        <line num="45" count="1" type="stmt"/>
        <line num="46" count="1" type="stmt"/>
        <line num="47" count="1" type="stmt"/>
        <line num="48" count="1" type="stmt"/>
        <line num="49" count="1" type="stmt"/>
        <line num="50" count="1" type="stmt"/>
        <line num="51" count="1" type="stmt"/>
        <line num="52" count="1" type="stmt"/>
        <line num="53" count="1" type="stmt"/>
        <line num="54" count="1" type="stmt"/>
        <line num="55" count="1" type="stmt"/>
        <line num="56" count="1" type="stmt"/>
        <line num="57" count="1" type="stmt"/>
        <line num="58" count="1" type="stmt"/>
        <line num="59" count="1" type="stmt"/>
        <line num="60" count="1" type="stmt"/>
        <line num="61" count="1" type="stmt"/>
        <line num="62" count="1" type="stmt"/>
        <line num="63" count="1" type="stmt"/>
        <line num="64" count="1" type="stmt"/>
        <line num="65" count="1" type="stmt"/>
        <line num="66" count="1" type="stmt"/>
        <line num="67" count="1" type="cond" truecount="1" falsecount="0"/>
        <line num="68" count="1985414" type="stmt"/>
        <line num="69" count="1985414" type="stmt"/>
        <line num="70" count="1985414" type="stmt"/>
        <line num="71" count="1985414" type="stmt"/>
        <line num="72" count="1985414" type="stmt"/>
        <line num="73" count="1985414" type="stmt"/>
        <line num="74" count="1" type="stmt"/>
      </file>
      <file name="search.ts" path="/home/dom/Documents/Projects/Azul/minimaxer/src/tree/search.ts">
        <metrics statements="49" coveredstatements="49" conditionals="1" coveredconditionals="1" methods="1" coveredmethods="1"/>
        <line num="1" count="1" type="stmt"/>
        <line num="2" count="1" type="stmt"/>
        <line num="3" count="1" type="stmt"/>
        <line num="4" count="1" type="stmt"/>
        <line num="5" count="1" type="stmt"/>
        <line num="6" count="1" type="stmt"/>
        <line num="7" count="1" type="stmt"/>
        <line num="8" count="1" type="stmt"/>
        <line num="9" count="1" type="stmt"/>
        <line num="10" count="1" type="stmt"/>
        <line num="11" count="1" type="stmt"/>
        <line num="12" count="1" type="stmt"/>
        <line num="13" count="1" type="stmt"/>
        <line num="14" count="1" type="stmt"/>
        <line num="15" count="1" type="stmt"/>
        <line num="16" count="1" type="stmt"/>
        <line num="17" count="1" type="stmt"/>
        <line num="18" count="1" type="stmt"/>
        <line num="19" count="1" type="stmt"/>
        <line num="20" count="1" type="stmt"/>
        <line num="21" count="1" type="stmt"/>
        <line num="22" count="1" type="stmt"/>
        <line num="23" count="1" type="stmt"/>
        <line num="24" count="17" type="cond" truecount="1" falsecount="0"/>
        <line num="25" count="17" type="stmt"/>
        <line num="26" count="17" type="stmt"/>
        <line num="27" count="17" type="stmt"/>
        <line num="28" count="17" type="stmt"/>
        <line num="29" count="17" type="stmt"/>
        <line num="30" count="17" type="stmt"/>
        <line num="31" count="17" type="stmt"/>
        <line num="32" count="17" type="stmt"/>
        <line num="33" count="17" type="stmt"/>
        <line num="34" count="17" type="stmt"/>
        <line num="35" count="17" type="stmt"/>
        <line num="36" count="17" type="stmt"/>
        <line num="37" count="17" type="stmt"/>
        <line num="38" count="17" type="stmt"/>
        <line num="39" count="17" type="stmt"/>
        <line num="40" count="17" type="stmt"/>
        <line num="41" count="17" type="stmt"/>
        <line num="42" count="17" type="stmt"/>
        <line num="43" count="17" type="stmt"/>
        <line num="44" count="17" type="stmt"/>
        <line num="45" count="17" type="stmt"/>
        <line num="46" count="17" type="stmt"/>
        <line num="47" count="17" type="stmt"/>
        <line num="48" count="17" type="stmt"/>
        <line num="49" count="17" type="stmt"/>
      </file>
      <file name="tree.ts" path="/home/dom/Documents/Projects/Azul/minimaxer/src/tree/tree.ts">
        <metrics statements="182" coveredstatements="178" conditionals="36" coveredconditionals="35" methods="13" coveredmethods="11"/>
        <line num="1" count="1" type="stmt"/>
        <line num="2" count="1" type="stmt"/>
        <line num="3" count="1" type="stmt"/>
        <line num="4" count="1" type="stmt"/>
        <line num="5" count="1" type="stmt"/>
        <line num="6" count="1" type="stmt"/>
        <line num="7" count="1" type="stmt"/>
        <line num="8" count="1" type="stmt"/>
        <line num="9" count="1" type="stmt"/>
        <line num="10" count="1" type="stmt"/>
        <line num="11" count="1" type="stmt"/>
        <line num="12" count="1" type="stmt"/>
        <line num="13" count="1" type="stmt"/>
        <line num="14" count="1" type="stmt"/>
        <line num="15" count="1" type="stmt"/>
        <line num="16" count="1" type="stmt"/>
        <line num="17" count="1" type="stmt"/>
        <line num="18" count="1" type="stmt"/>
        <line num="19" count="1" type="stmt"/>
        <line num="20" count="1" type="stmt"/>
        <line num="21" count="1" type="stmt"/>
        <line num="22" count="1" type="stmt"/>
        <line num="23" count="1" type="stmt"/>
        <line num="24" count="0" type="stmt"/>
        <line num="25" count="1" type="stmt"/>
        <line num="26" count="1" type="stmt"/>
        <line num="27" count="1" type="stmt"/>
        <line num="28" count="0" type="stmt"/>
        <line num="29" count="1" type="stmt"/>
        <line num="30" count="1" type="stmt"/>
        <line num="31" count="1" type="cond" truecount="1" falsecount="0"/>
        <line num="32" count="765043" type="stmt"/>
        <line num="33" count="1" type="stmt"/>
        <line num="34" count="1" type="stmt"/>
        <line num="35" count="1" type="stmt"/>
        <line num="36" count="1" type="stmt"/>
        <line num="37" count="1" type="stmt"/>
        <line num="38" count="1" type="stmt"/>
        <line num="39" count="1" type="stmt"/>
        <line num="40" count="1" type="cond" truecount="1" falsecount="0"/>
        <line num="41" count="11" type="stmt"/>
        <line num="42" count="11" type="stmt"/>
        <line num="43" count="11" type="stmt"/>
        <line num="44" count="11" type="stmt"/>
        <line num="45" count="11" type="stmt"/>
        <line num="46" count="11" type="stmt"/>
        <line num="47" count="11" type="stmt"/>
        <line num="48" count="1" type="stmt"/>
        <line num="49" count="1" type="stmt"/>
        <line num="50" count="1" type="stmt"/>
        <line num="51" count="1" type="stmt"/>
        <line num="52" count="1" type="stmt"/>
        <line num="53" count="1" type="cond" truecount="1" falsecount="0"/>
        <line num="54" count="1122739" type="stmt"/>
        <line num="55" count="1122739" type="cond" truecount="1" falsecount="0"/>
        <line num="56" count="336614" type="stmt"/>
        <line num="57" count="336614" type="stmt"/>
        <line num="58" count="786125" type="cond" truecount="1" falsecount="0"/>
        <line num="59" count="786125" type="stmt"/>
        <line num="60" count="786125" type="stmt"/>
        <line num="61" count="1122739" type="cond" truecount="1" falsecount="0"/>
        <line num="62" count="625370" type="stmt"/>
        <line num="63" count="625370" type="stmt"/>
        <line num="64" count="625370" type="stmt"/>
        <line num="65" count="786125" type="cond" truecount="1" falsecount="0"/>
        <line num="66" count="786125" type="stmt"/>
        <line num="67" count="786125" type="stmt"/>
        <line num="68" count="1122739" type="cond" truecount="1" falsecount="0"/>
        <line num="69" count="1969995" type="stmt"/>
        <line num="70" count="1969995" type="stmt"/>
        <line num="71" count="1969995" type="stmt"/>
        <line num="72" count="1969995" type="stmt"/>
        <line num="73" count="1969995" type="cond" truecount="1" falsecount="0"/>
        <line num="74" count="544482" type="stmt"/>
        <line num="75" count="544482" type="stmt"/>
        <line num="76" count="1969995" type="stmt"/>
        <line num="77" count="786125" type="cond" truecount="1" falsecount="0"/>
        <line num="78" count="786125" type="stmt"/>
        <line num="79" count="1" type="stmt"/>
        <line num="80" count="1" type="stmt"/>
        <line num="81" count="1" type="stmt"/>
        <line num="82" count="1" type="stmt"/>
        <line num="83" count="1" type="stmt"/>
        <line num="84" count="1" type="cond" truecount="1" falsecount="0"/>
        <line num="85" count="294778" type="stmt"/>
        <line num="86" count="294778" type="stmt"/>
        <line num="87" count="294778" type="stmt"/>
        <line num="88" count="294778" type="cond" truecount="1" falsecount="0"/>
        <line num="89" count="549945" type="cond" truecount="1" falsecount="0"/>
        <line num="90" count="294777" type="stmt"/>
        <line num="91" count="294777" type="stmt"/>
        <line num="92" count="549945" type="stmt"/>
        <line num="93" count="294778" type="stmt"/>
        <line num="94" count="1" type="stmt"/>
        <line num="95" count="1" type="stmt"/>
        <line num="96" count="1" type="stmt"/>
        <line num="97" count="1" type="stmt"/>
        <line num="98" count="1" type="cond" truecount="1" falsecount="0"/>
        <line num="99" count="1" type="stmt"/>
        <line num="100" count="1" type="stmt"/>
        <line num="101" count="1" type="stmt"/>
        <line num="102" count="1" type="stmt"/>
        <line num="103" count="1" type="stmt"/>
        <line num="104" count="1" type="stmt"/>
        <line num="105" count="1" type="stmt"/>
        <line num="106" count="1" type="stmt"/>
        <line num="107" count="1" type="cond" truecount="1" falsecount="0"/>
        <line num="108" count="12256" type="stmt"/>
        <line num="109" count="12256" type="cond" truecount="1" falsecount="0"/>
        <line num="110" count="9703" type="stmt"/>
        <line num="111" count="6611" type="cond" truecount="1" falsecount="0"/>
        <line num="112" count="9164" type="cond" truecount="1" falsecount="0"/>
        <line num="113" count="9164" type="stmt"/>
        <line num="114" count="12256" type="cond" truecount="1" falsecount="0"/>
        <line num="115" count="15408" type="stmt"/>
        <line num="116" count="15408" type="stmt"/>
        <line num="117" count="15408" type="stmt"/>
        <line num="118" count="15408" type="stmt"/>
        <line num="119" count="15408" type="stmt"/>
        <line num="120" count="15408" type="stmt"/>
        <line num="121" count="15408" type="stmt"/>
        <line num="122" count="15408" type="stmt"/>
        <line num="123" count="10011" type="cond" truecount="1" falsecount="0"/>
        <line num="124" count="12256" type="stmt"/>
        <line num="125" count="1" type="stmt"/>
        <line num="126" count="1" type="stmt"/>
        <line num="127" count="1" type="stmt"/>
        <line num="128" count="1" type="stmt"/>
        <line num="129" count="1" type="stmt"/>
        <line num="130" count="1" type="stmt"/>
        <line num="131" count="1" type="cond" truecount="1" falsecount="0"/>
        <line num="132" count="840217" type="cond" truecount="1" falsecount="0"/>
        <line num="133" count="1679548" type="cond" truecount="2" falsecount="0"/>
        <line num="134" count="293118" type="stmt"/>
        <line num="135" count="1679548" type="cond" truecount="1" falsecount="0"/>
        <line num="136" count="1386430" type="stmt"/>
        <line num="137" count="1386430" type="stmt"/>
        <line num="138" count="840217" type="stmt"/>
        <line num="139" count="840217" type="stmt"/>
        <line num="140" count="1" type="stmt"/>
        <line num="141" count="1" type="stmt"/>
        <line num="142" count="1" type="stmt"/>
        <line num="143" count="1" type="stmt"/>
        <line num="144" count="1" type="stmt"/>
        <line num="145" count="1" type="stmt"/>
        <line num="146" count="1" type="cond" truecount="1" falsecount="0"/>
        <line num="147" count="7290" type="cond" truecount="1" falsecount="0"/>
        <line num="148" count="12550" type="cond" truecount="1" falsecount="0"/>
        <line num="149" count="11413" type="stmt"/>
        <line num="150" count="12550" type="cond" truecount="1" falsecount="0"/>
        <line num="151" count="1137" type="stmt"/>
        <line num="152" count="1137" type="cond" truecount="0" falsecount="1"/>
        <line num="153" count="0" type="stmt"/>
        <line num="154" count="0" type="stmt"/>
        <line num="155" count="7290" type="stmt"/>
        <line num="156" count="7290" type="stmt"/>
        <line num="157" count="1" type="stmt"/>
        <line num="158" count="1" type="stmt"/>
        <line num="159" count="1" type="stmt"/>
        <line num="160" count="1" type="cond" truecount="1" falsecount="0"/>
        <line num="161" count="4" type="stmt"/>
        <line num="162" count="4" type="cond" truecount="1" falsecount="0"/>
        <line num="163" count="32" type="stmt"/>
        <line num="164" count="32" type="stmt"/>
        <line num="165" count="32" type="stmt"/>
        <line num="166" count="4" type="stmt"/>
        <line num="167" count="1" type="stmt"/>
        <line num="168" count="1" type="cond" truecount="1" falsecount="0"/>
        <line num="169" count="4" type="cond" truecount="1" falsecount="0"/>
        <line num="170" count="36" type="cond" truecount="1" falsecount="0"/>
        <line num="171" count="32" type="stmt"/>
        <line num="172" count="32" type="stmt"/>
        <line num="173" count="36" type="stmt"/>
        <line num="174" count="4" type="stmt"/>
        <line num="175" count="1" type="stmt"/>
        <line num="176" count="1" type="stmt"/>
        <line num="177" count="1" type="stmt"/>
        <line num="178" count="1" type="stmt"/>
        <line num="179" count="1" type="cond" truecount="1" falsecount="0"/>
        <line num="180" count="4" type="stmt"/>
        <line num="181" count="4" type="stmt"/>
        <line num="182" count="1" type="stmt"/>
      </file>
    </package>
  </project>
</coverage>
