{"/home/dom/Documents/Projects/Azul/minimaxer/examples/games/mancala.js": {"path":"/home/dom/Documents/Projects/Azul/minimaxer/examples/games/mancala.js","all":false,"statementMap":{"0":{"start":{"line":1,"column":0},"end":{"line":1,"column":47}},"1":{"start":{"line":2,"column":0},"end":{"line":2,"column":22}},"2":{"start":{"line":3,"column":0},"end":{"line":3,"column":19}},"3":{"start":{"line":4,"column":0},"end":{"line":4,"column":23}},"4":{"start":{"line":5,"column":0},"end":{"line":5,"column":23}},"5":{"start":{"line":6,"column":0},"end":{"line":6,"column":30}},"6":{"start":{"line":7,"column":0},"end":{"line":7,"column":24}},"7":{"start":{"line":8,"column":0},"end":{"line":8,"column":25}},"8":{"start":{"line":9,"column":0},"end":{"line":9,"column":38}},"9":{"start":{"line":10,"column":0},"end":{"line":10,"column":5}},"10":{"start":{"line":11,"column":0},"end":{"line":11,"column":13}},"11":{"start":{"line":12,"column":0},"end":{"line":12,"column":41}},"12":{"start":{"line":13,"column":0},"end":{"line":13,"column":41}},"13":{"start":{"line":14,"column":0},"end":{"line":14,"column":27}},"14":{"start":{"line":15,"column":0},"end":{"line":15,"column":29}},"15":{"start":{"line":16,"column":0},"end":{"line":16,"column":5}},"16":{"start":{"line":17,"column":0},"end":{"line":17,"column":21}},"17":{"start":{"line":18,"column":0},"end":{"line":18,"column":81}},"18":{"start":{"line":19,"column":0},"end":{"line":19,"column":24}},"19":{"start":{"line":20,"column":0},"end":{"line":20,"column":32}},"20":{"start":{"line":21,"column":0},"end":{"line":21,"column":13}},"21":{"start":{"line":22,"column":0},"end":{"line":22,"column":25}},"22":{"start":{"line":23,"column":0},"end":{"line":23,"column":15}},"23":{"start":{"line":24,"column":0},"end":{"line":24,"column":5}},"24":{"start":{"line":25,"column":0},"end":{"line":25,"column":20}},"25":{"start":{"line":26,"column":0},"end":{"line":26,"column":25}},"26":{"start":{"line":27,"column":0},"end":{"line":27,"column":48}},"27":{"start":{"line":28,"column":0},"end":{"line":28,"column":35}},"28":{"start":{"line":29,"column":0},"end":{"line":29,"column":33}},"29":{"start":{"line":30,"column":0},"end":{"line":30,"column":19}},"30":{"start":{"line":31,"column":0},"end":{"line":31,"column":9}},"31":{"start":{"line":32,"column":0},"end":{"line":32,"column":57}},"32":{"start":{"line":33,"column":0},"end":{"line":33,"column":47}},"33":{"start":{"line":34,"column":0},"end":{"line":34,"column":23}},"34":{"start":{"line":35,"column":0},"end":{"line":35,"column":41}},"35":{"start":{"line":36,"column":0},"end":{"line":36,"column":33}},"36":{"start":{"line":37,"column":0},"end":{"line":37,"column":26}},"37":{"start":{"line":38,"column":0},"end":{"line":38,"column":55}},"38":{"start":{"line":39,"column":0},"end":{"line":39,"column":13}},"39":{"start":{"line":40,"column":0},"end":{"line":40,"column":32}},"40":{"start":{"line":41,"column":0},"end":{"line":41,"column":50}},"41":{"start":{"line":42,"column":0},"end":{"line":42,"column":13}},"42":{"start":{"line":43,"column":0},"end":{"line":43,"column":33}},"43":{"start":{"line":44,"column":0},"end":{"line":44,"column":25}},"44":{"start":{"line":45,"column":0},"end":{"line":45,"column":13}},"45":{"start":{"line":46,"column":0},"end":{"line":46,"column":18}},"46":{"start":{"line":47,"column":0},"end":{"line":47,"column":63}},"47":{"start":{"line":48,"column":0},"end":{"line":48,"column":13}},"48":{"start":{"line":49,"column":0},"end":{"line":49,"column":9}},"49":{"start":{"line":50,"column":0},"end":{"line":50,"column":26}},"50":{"start":{"line":51,"column":0},"end":{"line":51,"column":64}},"51":{"start":{"line":52,"column":0},"end":{"line":52,"column":35}},"52":{"start":{"line":53,"column":0},"end":{"line":53,"column":70}},"53":{"start":{"line":54,"column":0},"end":{"line":54,"column":27}},"54":{"start":{"line":55,"column":0},"end":{"line":55,"column":61}},"55":{"start":{"line":56,"column":0},"end":{"line":56,"column":61}},"56":{"start":{"line":57,"column":0},"end":{"line":57,"column":54}},"57":{"start":{"line":58,"column":0},"end":{"line":58,"column":13}},"58":{"start":{"line":59,"column":0},"end":{"line":59,"column":9}},"59":{"start":{"line":60,"column":0},"end":{"line":60,"column":31}},"60":{"start":{"line":61,"column":0},"end":{"line":61,"column":41}},"61":{"start":{"line":62,"column":0},"end":{"line":62,"column":27}},"62":{"start":{"line":63,"column":0},"end":{"line":63,"column":39}},"63":{"start":{"line":64,"column":0},"end":{"line":64,"column":26}},"64":{"start":{"line":65,"column":0},"end":{"line":65,"column":32}},"65":{"start":{"line":66,"column":0},"end":{"line":66,"column":26}},"66":{"start":{"line":67,"column":0},"end":{"line":67,"column":17}},"67":{"start":{"line":68,"column":0},"end":{"line":68,"column":13}},"68":{"start":{"line":69,"column":0},"end":{"line":69,"column":22}},"69":{"start":{"line":70,"column":0},"end":{"line":70,"column":32}},"70":{"start":{"line":71,"column":0},"end":{"line":71,"column":23}},"71":{"start":{"line":72,"column":0},"end":{"line":72,"column":13}},"72":{"start":{"line":73,"column":0},"end":{"line":73,"column":9}},"73":{"start":{"line":74,"column":0},"end":{"line":74,"column":25}},"74":{"start":{"line":75,"column":0},"end":{"line":75,"column":31}},"75":{"start":{"line":76,"column":0},"end":{"line":76,"column":32}},"76":{"start":{"line":77,"column":0},"end":{"line":77,"column":48}},"77":{"start":{"line":78,"column":0},"end":{"line":78,"column":30}},"78":{"start":{"line":79,"column":0},"end":{"line":79,"column":9}},"79":{"start":{"line":80,"column":0},"end":{"line":80,"column":14}},"80":{"start":{"line":81,"column":0},"end":{"line":81,"column":33}},"81":{"start":{"line":82,"column":0},"end":{"line":82,"column":9}},"82":{"start":{"line":83,"column":0},"end":{"line":83,"column":5}},"83":{"start":{"line":84,"column":0},"end":{"line":84,"column":13}},"84":{"start":{"line":85,"column":0},"end":{"line":85,"column":36}},"85":{"start":{"line":86,"column":0},"end":{"line":86,"column":45}},"86":{"start":{"line":87,"column":0},"end":{"line":87,"column":31}},"87":{"start":{"line":88,"column":0},"end":{"line":88,"column":11}},"88":{"start":{"line":89,"column":0},"end":{"line":89,"column":39}},"89":{"start":{"line":90,"column":0},"end":{"line":90,"column":47}},"90":{"start":{"line":91,"column":0},"end":{"line":91,"column":42}},"91":{"start":{"line":92,"column":0},"end":{"line":92,"column":29}},"92":{"start":{"line":93,"column":0},"end":{"line":93,"column":21}},"93":{"start":{"line":94,"column":0},"end":{"line":94,"column":5}},"94":{"start":{"line":95,"column":0},"end":{"line":95,"column":1}},"95":{"start":{"line":96,"column":0},"end":{"line":96,"column":54}},"96":{"start":{"line":97,"column":0},"end":{"line":97,"column":44}},"97":{"start":{"line":98,"column":0},"end":{"line":98,"column":51}},"98":{"start":{"line":99,"column":0},"end":{"line":99,"column":21}},"99":{"start":{"line":100,"column":0},"end":{"line":100,"column":33}},"100":{"start":{"line":101,"column":0},"end":{"line":101,"column":47}},"101":{"start":{"line":102,"column":0},"end":{"line":102,"column":64}},"102":{"start":{"line":103,"column":0},"end":{"line":103,"column":28}},"103":{"start":{"line":104,"column":0},"end":{"line":104,"column":90}},"104":{"start":{"line":105,"column":0},"end":{"line":105,"column":27}},"105":{"start":{"line":106,"column":0},"end":{"line":106,"column":41}},"106":{"start":{"line":107,"column":0},"end":{"line":107,"column":20}},"107":{"start":{"line":108,"column":0},"end":{"line":108,"column":5}},"108":{"start":{"line":109,"column":0},"end":{"line":109,"column":10}},"109":{"start":{"line":110,"column":0},"end":{"line":110,"column":91}},"110":{"start":{"line":111,"column":0},"end":{"line":111,"column":27}},"111":{"start":{"line":112,"column":0},"end":{"line":112,"column":41}},"112":{"start":{"line":113,"column":0},"end":{"line":113,"column":20}},"113":{"start":{"line":114,"column":0},"end":{"line":114,"column":5}},"114":{"start":{"line":115,"column":0},"end":{"line":115,"column":2}}},"s":{"0":1,"1":1,"2":1,"3":796072,"4":796072,"5":796072,"6":796072,"7":796072,"8":796072,"9":796072,"10":1,"11":4,"12":4,"13":4,"14":4,"15":4,"16":1,"17":796072,"18":4776432,"19":3932796,"20":3932796,"21":4776432,"22":796072,"23":796072,"24":1,"25":796068,"26":0,"27":0,"28":0,"29":0,"30":0,"31":796068,"32":796068,"33":796068,"34":796068,"35":3632427,"36":3632427,"37":1582838,"38":1582838,"39":2049589,"40":553823,"41":553823,"42":1495766,"43":2607,"44":2607,"45":1493159,"46":1493159,"47":1493159,"48":3632427,"49":796068,"50":796068,"51":35126,"52":35126,"53":35126,"54":25918,"55":25918,"56":25918,"57":25918,"58":35126,"59":796068,"60":796068,"61":1592136,"62":1592136,"63":1999720,"64":1592136,"65":1592136,"66":1592136,"67":1999720,"68":1592136,"69":0,"70":0,"71":0,"72":1592136,"73":796068,"74":796068,"75":796068,"76":796068,"77":0,"78":0,"79":796068,"80":796068,"81":796068,"82":796068,"83":1,"84":796068,"85":796068,"86":1592136,"87":796068,"88":796068,"89":796068,"90":796068,"91":796068,"92":796068,"93":796068,"94":1,"95":1,"96":796068,"97":796068,"98":796068,"99":796068,"100":796068,"101":796068,"102":796068,"103":0,"104":0,"105":0,"106":0,"107":0,"108":796068,"109":796068,"110":796068,"111":796068,"112":796068,"113":796068,"114":1},"branchMap":{"0":{"type":"branch","line":1,"loc":{"start":{"line":1,"column":0},"end":{"line":115,"column":2}},"locations":[{"start":{"line":1,"column":0},"end":{"line":115,"column":2}}]},"1":{"type":"branch","line":3,"loc":{"start":{"line":3,"column":4},"end":{"line":10,"column":5}},"locations":[{"start":{"line":3,"column":4},"end":{"line":10,"column":5}}]},"2":{"type":"branch","line":11,"loc":{"start":{"line":11,"column":4},"end":{"line":16,"column":5}},"locations":[{"start":{"line":11,"column":4},"end":{"line":16,"column":5}}]},"3":{"type":"branch","line":17,"loc":{"start":{"line":17,"column":4},"end":{"line":24,"column":5}},"locations":[{"start":{"line":17,"column":4},"end":{"line":24,"column":5}}]},"4":{"type":"branch","line":18,"loc":{"start":{"line":18,"column":57},"end":{"line":23,"column":9}},"locations":[{"start":{"line":18,"column":57},"end":{"line":23,"column":9}}]},"5":{"type":"branch","line":19,"loc":{"start":{"line":19,"column":23},"end":{"line":21,"column":13}},"locations":[{"start":{"line":19,"column":23},"end":{"line":21,"column":13}}]},"6":{"type":"branch","line":25,"loc":{"start":{"line":25,"column":4},"end":{"line":83,"column":5}},"locations":[{"start":{"line":25,"column":4},"end":{"line":83,"column":5}}]},"7":{"type":"branch","line":26,"loc":{"start":{"line":26,"column":24},"end":{"line":31,"column":9}},"locations":[{"start":{"line":26,"column":24},"end":{"line":31,"column":9}}]},"8":{"type":"branch","line":35,"loc":{"start":{"line":35,"column":40},"end":{"line":49,"column":9}},"locations":[{"start":{"line":35,"column":40},"end":{"line":49,"column":9}}]},"9":{"type":"branch","line":37,"loc":{"start":{"line":37,"column":25},"end":{"line":39,"column":13}},"locations":[{"start":{"line":37,"column":25},"end":{"line":39,"column":13}}]},"10":{"type":"branch","line":40,"loc":{"start":{"line":40,"column":-1},"end":{"line":48,"column":13}},"locations":[{"start":{"line":40,"column":-1},"end":{"line":48,"column":13}}]},"11":{"type":"branch","line":40,"loc":{"start":{"line":40,"column":31},"end":{"line":42,"column":13}},"locations":[{"start":{"line":40,"column":31},"end":{"line":42,"column":13}}]},"12":{"type":"branch","line":43,"loc":{"start":{"line":43,"column":-1},"end":{"line":48,"column":13}},"locations":[{"start":{"line":43,"column":-1},"end":{"line":48,"column":13}}]},"13":{"type":"branch","line":43,"loc":{"start":{"line":43,"column":32},"end":{"line":45,"column":13}},"locations":[{"start":{"line":43,"column":32},"end":{"line":45,"column":13}}]},"14":{"type":"branch","line":46,"loc":{"start":{"line":46,"column":-1},"end":{"line":48,"column":13}},"locations":[{"start":{"line":46,"column":-1},"end":{"line":48,"column":13}}]},"15":{"type":"branch","line":51,"loc":{"start":{"line":51,"column":20},"end":{"line":51,"column":61}},"locations":[{"start":{"line":51,"column":20},"end":{"line":51,"column":61}}]},"16":{"type":"branch","line":51,"loc":{"start":{"line":51,"column":63},"end":{"line":59,"column":9}},"locations":[{"start":{"line":51,"column":63},"end":{"line":59,"column":9}}]},"17":{"type":"branch","line":54,"loc":{"start":{"line":54,"column":26},"end":{"line":58,"column":13}},"locations":[{"start":{"line":54,"column":26},"end":{"line":58,"column":13}}]},"18":{"type":"branch","line":61,"loc":{"start":{"line":61,"column":40},"end":{"line":73,"column":9}},"locations":[{"start":{"line":61,"column":40},"end":{"line":73,"column":9}}]},"19":{"type":"branch","line":63,"loc":{"start":{"line":63,"column":38},"end":{"line":68,"column":13}},"locations":[{"start":{"line":63,"column":38},"end":{"line":68,"column":13}}]},"20":{"type":"branch","line":64,"loc":{"start":{"line":64,"column":25},"end":{"line":67,"column":17}},"locations":[{"start":{"line":64,"column":25},"end":{"line":67,"column":17}}]},"21":{"type":"branch","line":69,"loc":{"start":{"line":69,"column":21},"end":{"line":72,"column":13}},"locations":[{"start":{"line":69,"column":21},"end":{"line":72,"column":13}}]},"22":{"type":"branch","line":77,"loc":{"start":{"line":77,"column":34},"end":{"line":77,"column":45}},"locations":[{"start":{"line":77,"column":34},"end":{"line":77,"column":45}}]},"23":{"type":"branch","line":77,"loc":{"start":{"line":77,"column":47},"end":{"line":79,"column":9}},"locations":[{"start":{"line":77,"column":47},"end":{"line":79,"column":9}}]},"24":{"type":"branch","line":84,"loc":{"start":{"line":84,"column":4},"end":{"line":94,"column":5}},"locations":[{"start":{"line":84,"column":4},"end":{"line":94,"column":5}}]},"25":{"type":"branch","line":86,"loc":{"start":{"line":86,"column":35},"end":{"line":88,"column":9}},"locations":[{"start":{"line":86,"column":35},"end":{"line":88,"column":9}}]},"26":{"type":"branch","line":96,"loc":{"start":{"line":96,"column":35},"end":{"line":115,"column":1}},"locations":[{"start":{"line":96,"column":35},"end":{"line":115,"column":1}}]},"27":{"type":"branch","line":103,"loc":{"start":{"line":103,"column":27},"end":{"line":108,"column":5}},"locations":[{"start":{"line":103,"column":27},"end":{"line":108,"column":5}}]}},"b":{"0":[1],"1":[796072],"2":[4],"3":[796072],"4":[4776432],"5":[3932796],"6":[796068],"7":[0],"8":[3632427],"9":[1582838],"10":[2049589],"11":[553823],"12":[1495766],"13":[2607],"14":[1493159],"15":[242245],"16":[35126],"17":[25918],"18":[1592136],"19":[1999720],"20":[1592136],"21":[0],"22":[0],"23":[0],"24":[796068],"25":[1592136],"26":[796068],"27":[0]},"fnMap":{"0":{"name":"mancala","decl":{"start":{"line":3,"column":4},"end":{"line":10,"column":5}},"loc":{"start":{"line":3,"column":4},"end":{"line":10,"column":5}},"line":3},"1":{"name":"start","decl":{"start":{"line":11,"column":4},"end":{"line":16,"column":5}},"loc":{"start":{"line":11,"column":4},"end":{"line":16,"column":5}},"line":11},"2":{"name":"generateMoves","decl":{"start":{"line":17,"column":4},"end":{"line":24,"column":5}},"loc":{"start":{"line":17,"column":4},"end":{"line":24,"column":5}},"line":17},"3":{"name":"playMove","decl":{"start":{"line":25,"column":4},"end":{"line":83,"column":5}},"loc":{"start":{"line":25,"column":4},"end":{"line":83,"column":5}},"line":25},"4":{"name":"clone","decl":{"start":{"line":84,"column":4},"end":{"line":94,"column":5}},"loc":{"start":{"line":84,"column":4},"end":{"line":94,"column":5}},"line":84},"5":{"name":"createChildCallback","decl":{"start":{"line":96,"column":35},"end":{"line":115,"column":1}},"loc":{"start":{"line":96,"column":35},"end":{"line":115,"column":1}},"line":96}},"f":{"0":796072,"1":4,"2":796072,"3":796068,"4":796068,"5":796068}}
,"/home/dom/Documents/Projects/Azul/minimaxer/examples/games/tictactoe.js": {"path":"/home/dom/Documents/Projects/Azul/minimaxer/examples/games/tictactoe.js","all":false,"statementMap":{"0":{"start":{"line":1,"column":0},"end":{"line":1,"column":47}},"1":{"start":{"line":2,"column":0},"end":{"line":2,"column":24}},"2":{"start":{"line":3,"column":0},"end":{"line":3,"column":19}},"3":{"start":{"line":4,"column":0},"end":{"line":4,"column":24}},"4":{"start":{"line":5,"column":0},"end":{"line":5,"column":48}},"5":{"start":{"line":6,"column":0},"end":{"line":6,"column":45}},"6":{"start":{"line":7,"column":0},"end":{"line":7,"column":24}},"7":{"start":{"line":8,"column":0},"end":{"line":8,"column":24}},"8":{"start":{"line":9,"column":0},"end":{"line":9,"column":25}},"9":{"start":{"line":10,"column":0},"end":{"line":10,"column":5}},"10":{"start":{"line":11,"column":0},"end":{"line":11,"column":55}},"11":{"start":{"line":12,"column":0},"end":{"line":12,"column":13}},"12":{"start":{"line":13,"column":0},"end":{"line":13,"column":49}},"13":{"start":{"line":14,"column":0},"end":{"line":14,"column":43}},"14":{"start":{"line":15,"column":0},"end":{"line":15,"column":67}},"15":{"start":{"line":16,"column":0},"end":{"line":16,"column":9}},"16":{"start":{"line":17,"column":0},"end":{"line":17,"column":29}},"17":{"start":{"line":18,"column":0},"end":{"line":18,"column":5}},"18":{"start":{"line":19,"column":0},"end":{"line":19,"column":69}},"19":{"start":{"line":20,"column":0},"end":{"line":20,"column":21}},"20":{"start":{"line":21,"column":0},"end":{"line":21,"column":24}},"21":{"start":{"line":22,"column":0},"end":{"line":22,"column":43}},"22":{"start":{"line":23,"column":0},"end":{"line":23,"column":47}},"23":{"start":{"line":24,"column":0},"end":{"line":24,"column":69}},"24":{"start":{"line":25,"column":0},"end":{"line":25,"column":48}},"25":{"start":{"line":26,"column":0},"end":{"line":26,"column":17}},"26":{"start":{"line":27,"column":0},"end":{"line":27,"column":13}},"27":{"start":{"line":28,"column":0},"end":{"line":28,"column":9}},"28":{"start":{"line":29,"column":0},"end":{"line":29,"column":5}},"29":{"start":{"line":30,"column":0},"end":{"line":30,"column":88}},"30":{"start":{"line":31,"column":0},"end":{"line":31,"column":20}},"31":{"start":{"line":32,"column":0},"end":{"line":32,"column":54}},"32":{"start":{"line":33,"column":0},"end":{"line":33,"column":25}},"33":{"start":{"line":34,"column":0},"end":{"line":34,"column":28}},"34":{"start":{"line":35,"column":0},"end":{"line":35,"column":56}},"35":{"start":{"line":36,"column":0},"end":{"line":36,"column":52}},"36":{"start":{"line":37,"column":0},"end":{"line":37,"column":16}},"37":{"start":{"line":38,"column":0},"end":{"line":38,"column":53}},"38":{"start":{"line":39,"column":0},"end":{"line":39,"column":9}},"39":{"start":{"line":40,"column":0},"end":{"line":40,"column":29}},"40":{"start":{"line":41,"column":0},"end":{"line":41,"column":37}},"41":{"start":{"line":42,"column":0},"end":{"line":42,"column":28}},"42":{"start":{"line":43,"column":0},"end":{"line":43,"column":9}},"43":{"start":{"line":44,"column":0},"end":{"line":44,"column":5}},"44":{"start":{"line":45,"column":0},"end":{"line":45,"column":64}},"45":{"start":{"line":46,"column":0},"end":{"line":46,"column":25}},"46":{"start":{"line":47,"column":0},"end":{"line":47,"column":74}},"47":{"start":{"line":48,"column":0},"end":{"line":48,"column":65}},"48":{"start":{"line":49,"column":0},"end":{"line":49,"column":20}},"49":{"start":{"line":50,"column":0},"end":{"line":50,"column":12}},"50":{"start":{"line":51,"column":0},"end":{"line":51,"column":76}},"51":{"start":{"line":52,"column":0},"end":{"line":52,"column":73}},"52":{"start":{"line":53,"column":0},"end":{"line":53,"column":11}},"53":{"start":{"line":54,"column":0},"end":{"line":54,"column":36}},"54":{"start":{"line":55,"column":0},"end":{"line":55,"column":28}},"55":{"start":{"line":56,"column":0},"end":{"line":56,"column":27}},"56":{"start":{"line":57,"column":0},"end":{"line":57,"column":19}},"57":{"start":{"line":58,"column":0},"end":{"line":58,"column":76}},"58":{"start":{"line":59,"column":0},"end":{"line":59,"column":73}},"59":{"start":{"line":60,"column":0},"end":{"line":60,"column":11}},"60":{"start":{"line":61,"column":0},"end":{"line":61,"column":36}},"61":{"start":{"line":62,"column":0},"end":{"line":62,"column":28}},"62":{"start":{"line":63,"column":0},"end":{"line":63,"column":30}},"63":{"start":{"line":64,"column":0},"end":{"line":64,"column":117}},"64":{"start":{"line":65,"column":0},"end":{"line":65,"column":36}},"65":{"start":{"line":66,"column":0},"end":{"line":66,"column":28}},"66":{"start":{"line":67,"column":0},"end":{"line":67,"column":117}},"67":{"start":{"line":68,"column":0},"end":{"line":68,"column":36}},"68":{"start":{"line":69,"column":0},"end":{"line":69,"column":28}},"69":{"start":{"line":70,"column":0},"end":{"line":70,"column":9}},"70":{"start":{"line":71,"column":0},"end":{"line":71,"column":5}},"71":{"start":{"line":72,"column":0},"end":{"line":72,"column":54}},"72":{"start":{"line":73,"column":0},"end":{"line":73,"column":13}},"73":{"start":{"line":74,"column":0},"end":{"line":74,"column":38}},"74":{"start":{"line":75,"column":0},"end":{"line":75,"column":45}},"75":{"start":{"line":76,"column":0},"end":{"line":76,"column":29}},"76":{"start":{"line":77,"column":0},"end":{"line":77,"column":11}},"77":{"start":{"line":78,"column":0},"end":{"line":78,"column":45}},"78":{"start":{"line":79,"column":0},"end":{"line":79,"column":29}},"79":{"start":{"line":80,"column":0},"end":{"line":80,"column":11}},"80":{"start":{"line":81,"column":0},"end":{"line":81,"column":41}},"81":{"start":{"line":82,"column":0},"end":{"line":82,"column":35}},"82":{"start":{"line":83,"column":0},"end":{"line":83,"column":21}},"83":{"start":{"line":84,"column":0},"end":{"line":84,"column":5}},"84":{"start":{"line":85,"column":0},"end":{"line":85,"column":1}},"85":{"start":{"line":86,"column":0},"end":{"line":86,"column":66}},"86":{"start":{"line":87,"column":0},"end":{"line":87,"column":48}},"87":{"start":{"line":88,"column":0},"end":{"line":88,"column":27}},"88":{"start":{"line":89,"column":0},"end":{"line":89,"column":2}},"89":{"start":{"line":90,"column":0},"end":{"line":90,"column":68}},"90":{"start":{"line":91,"column":0},"end":{"line":91,"column":52}},"91":{"start":{"line":92,"column":0},"end":{"line":92,"column":44}},"92":{"start":{"line":93,"column":0},"end":{"line":93,"column":49}},"93":{"start":{"line":94,"column":0},"end":{"line":94,"column":21}},"94":{"start":{"line":95,"column":0},"end":{"line":95,"column":33}},"95":{"start":{"line":96,"column":0},"end":{"line":96,"column":47}},"96":{"start":{"line":97,"column":0},"end":{"line":97,"column":47}},"97":{"start":{"line":98,"column":0},"end":{"line":98,"column":28}},"98":{"start":{"line":99,"column":0},"end":{"line":99,"column":84}},"99":{"start":{"line":100,"column":0},"end":{"line":100,"column":12}},"100":{"start":{"line":101,"column":0},"end":{"line":101,"column":85}},"101":{"start":{"line":102,"column":0},"end":{"line":102,"column":5}},"102":{"start":{"line":103,"column":0},"end":{"line":103,"column":2}},"103":{"start":{"line":104,"column":0},"end":{"line":104,"column":80}},"104":{"start":{"line":105,"column":0},"end":{"line":105,"column":52}},"105":{"start":{"line":106,"column":0},"end":{"line":106,"column":62}},"106":{"start":{"line":107,"column":0},"end":{"line":107,"column":41}},"107":{"start":{"line":108,"column":0},"end":{"line":108,"column":21}},"108":{"start":{"line":109,"column":0},"end":{"line":109,"column":36}},"109":{"start":{"line":110,"column":0},"end":{"line":110,"column":21}},"110":{"start":{"line":111,"column":0},"end":{"line":111,"column":37}},"111":{"start":{"line":112,"column":0},"end":{"line":112,"column":45}},"112":{"start":{"line":113,"column":0},"end":{"line":113,"column":21}},"113":{"start":{"line":114,"column":0},"end":{"line":114,"column":36}},"114":{"start":{"line":115,"column":0},"end":{"line":115,"column":22}},"115":{"start":{"line":116,"column":0},"end":{"line":116,"column":5}},"116":{"start":{"line":117,"column":0},"end":{"line":117,"column":2}}},"s":{"0":3,"1":3,"2":3,"3":1189345,"4":1189345,"5":1189345,"6":1189345,"7":1189345,"8":1189345,"9":1189345,"10":3,"11":3,"12":3,"13":3,"14":9,"15":9,"16":3,"17":3,"18":3,"19":3,"20":1189339,"21":1189339,"22":3568017,"23":10704051,"24":1639884,"25":1639884,"26":10704051,"27":3568017,"28":1189339,"29":3,"30":3,"31":1189335,"32":1189335,"33":1189335,"34":1189335,"35":632341,"36":1189335,"37":556994,"38":556994,"39":1189335,"40":1189335,"41":267330,"42":267330,"43":1189335,"44":3,"45":3,"46":1189335,"47":1189335,"48":1189335,"49":1189335,"50":1189335,"51":447872,"52":1189335,"53":156396,"54":156396,"55":156396,"56":1189335,"57":1032939,"58":407544,"59":1032939,"60":145082,"61":145082,"62":145082,"63":1032939,"64":74235,"65":74235,"66":887857,"67":73182,"68":73182,"69":73182,"70":1189335,"71":3,"72":3,"73":1189342,"74":1189342,"75":3568026,"76":1189342,"77":1189342,"78":2829244,"79":1189342,"80":1189342,"81":1189342,"82":1189342,"83":1189342,"84":3,"85":3,"86":3,"87":631285,"88":3,"89":3,"90":3,"91":1189335,"92":1189335,"93":1189335,"94":1189335,"95":1189335,"96":1189335,"97":1189335,"98":547996,"99":1189335,"100":641339,"101":641339,"102":3,"103":3,"104":3,"105":842848,"106":842848,"107":842848,"108":842848,"109":384425,"110":842848,"111":279955,"112":279955,"113":842848,"114":178468,"115":842848,"116":3},"branchMap":{"0":{"type":"branch","line":1,"loc":{"start":{"line":1,"column":0},"end":{"line":117,"column":2}},"locations":[{"start":{"line":1,"column":0},"end":{"line":117,"column":2}}]},"1":{"type":"branch","line":3,"loc":{"start":{"line":3,"column":4},"end":{"line":10,"column":5}},"locations":[{"start":{"line":3,"column":4},"end":{"line":10,"column":5}}]},"2":{"type":"branch","line":12,"loc":{"start":{"line":12,"column":4},"end":{"line":18,"column":5}},"locations":[{"start":{"line":12,"column":4},"end":{"line":18,"column":5}}]},"3":{"type":"branch","line":14,"loc":{"start":{"line":14,"column":42},"end":{"line":16,"column":9}},"locations":[{"start":{"line":14,"column":42},"end":{"line":16,"column":9}}]},"4":{"type":"branch","line":20,"loc":{"start":{"line":20,"column":4},"end":{"line":29,"column":5}},"locations":[{"start":{"line":20,"column":4},"end":{"line":29,"column":5}}]},"5":{"type":"branch","line":22,"loc":{"start":{"line":22,"column":42},"end":{"line":28,"column":9}},"locations":[{"start":{"line":22,"column":42},"end":{"line":28,"column":9}}]},"6":{"type":"branch","line":23,"loc":{"start":{"line":23,"column":46},"end":{"line":27,"column":13}},"locations":[{"start":{"line":23,"column":46},"end":{"line":27,"column":13}}]},"7":{"type":"branch","line":24,"loc":{"start":{"line":24,"column":68},"end":{"line":26,"column":17}},"locations":[{"start":{"line":24,"column":68},"end":{"line":26,"column":17}}]},"8":{"type":"branch","line":31,"loc":{"start":{"line":31,"column":4},"end":{"line":44,"column":5}},"locations":[{"start":{"line":31,"column":4},"end":{"line":44,"column":5}}]},"9":{"type":"branch","line":35,"loc":{"start":{"line":35,"column":55},"end":{"line":37,"column":9}},"locations":[{"start":{"line":35,"column":55},"end":{"line":37,"column":9}}]},"10":{"type":"branch","line":37,"loc":{"start":{"line":37,"column":9},"end":{"line":39,"column":9}},"locations":[{"start":{"line":37,"column":9},"end":{"line":39,"column":9}}]},"11":{"type":"branch","line":41,"loc":{"start":{"line":41,"column":36},"end":{"line":43,"column":9}},"locations":[{"start":{"line":41,"column":36},"end":{"line":43,"column":9}}]},"12":{"type":"branch","line":46,"loc":{"start":{"line":46,"column":4},"end":{"line":71,"column":5}},"locations":[{"start":{"line":46,"column":4},"end":{"line":71,"column":5}}]},"13":{"type":"branch","line":51,"loc":{"start":{"line":51,"column":74},"end":{"line":52,"column":73}},"locations":[{"start":{"line":51,"column":74},"end":{"line":52,"column":73}}]},"14":{"type":"branch","line":53,"loc":{"start":{"line":53,"column":10},"end":{"line":57,"column":9}},"locations":[{"start":{"line":53,"column":10},"end":{"line":57,"column":9}}]},"15":{"type":"branch","line":57,"loc":{"start":{"line":57,"column":9},"end":{"line":70,"column":9}},"locations":[{"start":{"line":57,"column":9},"end":{"line":70,"column":9}}]},"16":{"type":"branch","line":58,"loc":{"start":{"line":58,"column":74},"end":{"line":59,"column":73}},"locations":[{"start":{"line":58,"column":74},"end":{"line":59,"column":73}}]},"17":{"type":"branch","line":60,"loc":{"start":{"line":60,"column":10},"end":{"line":64,"column":9}},"locations":[{"start":{"line":60,"column":10},"end":{"line":64,"column":9}}]},"18":{"type":"branch","line":64,"loc":{"start":{"line":64,"column":9},"end":{"line":70,"column":9}},"locations":[{"start":{"line":64,"column":9},"end":{"line":70,"column":9}}]},"19":{"type":"branch","line":64,"loc":{"start":{"line":64,"column":49},"end":{"line":64,"column":81}},"locations":[{"start":{"line":64,"column":49},"end":{"line":64,"column":81}}]},"20":{"type":"branch","line":64,"loc":{"start":{"line":64,"column":82},"end":{"line":64,"column":114}},"locations":[{"start":{"line":64,"column":82},"end":{"line":64,"column":114}}]},"21":{"type":"branch","line":64,"loc":{"start":{"line":64,"column":116},"end":{"line":67,"column":9}},"locations":[{"start":{"line":64,"column":116},"end":{"line":67,"column":9}}]},"22":{"type":"branch","line":67,"loc":{"start":{"line":67,"column":9},"end":{"line":70,"column":9}},"locations":[{"start":{"line":67,"column":9},"end":{"line":70,"column":9}}]},"23":{"type":"branch","line":67,"loc":{"start":{"line":67,"column":49},"end":{"line":67,"column":81}},"locations":[{"start":{"line":67,"column":49},"end":{"line":67,"column":81}}]},"24":{"type":"branch","line":67,"loc":{"start":{"line":67,"column":82},"end":{"line":67,"column":114}},"locations":[{"start":{"line":67,"column":82},"end":{"line":67,"column":114}}]},"25":{"type":"branch","line":67,"loc":{"start":{"line":67,"column":116},"end":{"line":70,"column":9}},"locations":[{"start":{"line":67,"column":116},"end":{"line":70,"column":9}}]},"26":{"type":"branch","line":73,"loc":{"start":{"line":73,"column":4},"end":{"line":84,"column":5}},"locations":[{"start":{"line":73,"column":4},"end":{"line":84,"column":5}}]},"27":{"type":"branch","line":75,"loc":{"start":{"line":75,"column":37},"end":{"line":77,"column":9}},"locations":[{"start":{"line":75,"column":37},"end":{"line":77,"column":9}}]},"28":{"type":"branch","line":78,"loc":{"start":{"line":78,"column":37},"end":{"line":80,"column":9}},"locations":[{"start":{"line":78,"column":37},"end":{"line":80,"column":9}}]},"29":{"type":"branch","line":87,"loc":{"start":{"line":87,"column":32},"end":{"line":89,"column":1}},"locations":[{"start":{"line":87,"column":32},"end":{"line":89,"column":1}}]},"30":{"type":"branch","line":91,"loc":{"start":{"line":91,"column":35},"end":{"line":103,"column":1}},"locations":[{"start":{"line":91,"column":35},"end":{"line":103,"column":1}}]},"31":{"type":"branch","line":98,"loc":{"start":{"line":98,"column":27},"end":{"line":100,"column":5}},"locations":[{"start":{"line":98,"column":27},"end":{"line":100,"column":5}}]},"32":{"type":"branch","line":100,"loc":{"start":{"line":100,"column":5},"end":{"line":102,"column":5}},"locations":[{"start":{"line":100,"column":5},"end":{"line":102,"column":5}}]},"33":{"type":"branch","line":105,"loc":{"start":{"line":105,"column":41},"end":{"line":117,"column":1}},"locations":[{"start":{"line":105,"column":41},"end":{"line":117,"column":1}}]},"34":{"type":"branch","line":109,"loc":{"start":{"line":109,"column":8},"end":{"line":110,"column":21}},"locations":[{"start":{"line":109,"column":8},"end":{"line":110,"column":21}}]},"35":{"type":"branch","line":111,"loc":{"start":{"line":111,"column":8},"end":{"line":113,"column":21}},"locations":[{"start":{"line":111,"column":8},"end":{"line":113,"column":21}}]},"36":{"type":"branch","line":114,"loc":{"start":{"line":114,"column":8},"end":{"line":115,"column":22}},"locations":[{"start":{"line":114,"column":8},"end":{"line":115,"column":22}}]}},"b":{"0":[3],"1":[1189345],"2":[3],"3":[9],"4":[1189339],"5":[3568017],"6":[10704051],"7":[1639884],"8":[1189335],"9":[632341],"10":[556994],"11":[267330],"12":[1189335],"13":[447872],"14":[156396],"15":[1032939],"16":[407544],"17":[145082],"18":[887857],"19":[406587],"20":[196916],"21":[74235],"22":[813622],"23":[388890],"24":[180207],"25":[73182],"26":[1189342],"27":[3568026],"28":[2829244],"29":[631285],"30":[1189335],"31":[547996],"32":[641339],"33":[842848],"34":[384425],"35":[279955],"36":[178468]},"fnMap":{"0":{"name":"tictactoe","decl":{"start":{"line":3,"column":4},"end":{"line":10,"column":5}},"loc":{"start":{"line":3,"column":4},"end":{"line":10,"column":5}},"line":3},"1":{"name":"start","decl":{"start":{"line":12,"column":4},"end":{"line":18,"column":5}},"loc":{"start":{"line":12,"column":4},"end":{"line":18,"column":5}},"line":12},"2":{"name":"generateMoves","decl":{"start":{"line":20,"column":4},"end":{"line":29,"column":5}},"loc":{"start":{"line":20,"column":4},"end":{"line":29,"column":5}},"line":20},"3":{"name":"playMove","decl":{"start":{"line":31,"column":4},"end":{"line":44,"column":5}},"loc":{"start":{"line":31,"column":4},"end":{"line":44,"column":5}},"line":31},"4":{"name":"checkWin","decl":{"start":{"line":46,"column":4},"end":{"line":71,"column":5}},"loc":{"start":{"line":46,"column":4},"end":{"line":71,"column":5}},"line":46},"5":{"name":"clone","decl":{"start":{"line":73,"column":4},"end":{"line":84,"column":5}},"loc":{"start":{"line":73,"column":4},"end":{"line":84,"column":5}},"line":73},"6":{"name":"getMovesCallback","decl":{"start":{"line":87,"column":32},"end":{"line":89,"column":1}},"loc":{"start":{"line":87,"column":32},"end":{"line":89,"column":1}},"line":87},"7":{"name":"createChildCallback","decl":{"start":{"line":91,"column":35},"end":{"line":103,"column":1}},"loc":{"start":{"line":91,"column":35},"end":{"line":103,"column":1}},"line":91},"8":{"name":"evaluateGamestateCallback","decl":{"start":{"line":105,"column":41},"end":{"line":117,"column":1}},"loc":{"start":{"line":105,"column":41},"end":{"line":117,"column":1}},"line":105}},"f":{"0":1189345,"1":3,"2":1189339,"3":1189335,"4":1189335,"5":1189342,"6":631285,"7":1189335,"8":842848}}
,"/home/dom/Documents/Projects/Azul/minimaxer/src/index.ts": {"path":"/home/dom/Documents/Projects/Azul/minimaxer/src/index.ts","all":false,"statementMap":{"0":{"start":{"line":1,"column":0},"end":{"line":1,"column":57}},"1":{"start":{"line":2,"column":0},"end":{"line":2,"column":38}},"2":{"start":{"line":3,"column":0},"end":{"line":3,"column":59}},"3":{"start":{"line":4,"column":0},"end":{"line":4,"column":91}},"4":{"start":{"line":5,"column":0},"end":{"line":5,"column":47}},"5":{"start":{"line":6,"column":0},"end":{"line":6,"column":64}}},"s":{"0":1,"1":1,"2":1,"3":1,"4":1,"5":1},"branchMap":{},"b":{},"fnMap":{},"f":{}}
,"/home/dom/Documents/Projects/Azul/minimaxer/src/negamax/index.ts": {"path":"/home/dom/Documents/Projects/Azul/minimaxer/src/negamax/index.ts","all":false,"statementMap":{"0":{"start":{"line":1,"column":0},"end":{"line":1,"column":59}},"1":{"start":{"line":2,"column":0},"end":{"line":2,"column":0}},"2":{"start":{"line":3,"column":0},"end":{"line":3,"column":63}},"3":{"start":{"line":4,"column":0},"end":{"line":4,"column":46}},"4":{"start":{"line":5,"column":0},"end":{"line":5,"column":0}},"5":{"start":{"line":6,"column":0},"end":{"line":6,"column":61}},"6":{"start":{"line":7,"column":0},"end":{"line":7,"column":31}},"7":{"start":{"line":8,"column":0},"end":{"line":8,"column":7}},"8":{"start":{"line":9,"column":0},"end":{"line":9,"column":69}},"9":{"start":{"line":10,"column":0},"end":{"line":10,"column":66}},"10":{"start":{"line":11,"column":0},"end":{"line":11,"column":72}},"11":{"start":{"line":12,"column":0},"end":{"line":12,"column":52}},"12":{"start":{"line":13,"column":0},"end":{"line":13,"column":83}},"13":{"start":{"line":14,"column":0},"end":{"line":14,"column":49}},"14":{"start":{"line":15,"column":0},"end":{"line":15,"column":7}},"15":{"start":{"line":16,"column":0},"end":{"line":16,"column":16}},"16":{"start":{"line":17,"column":0},"end":{"line":17,"column":32}},"17":{"start":{"line":18,"column":0},"end":{"line":18,"column":23}},"18":{"start":{"line":19,"column":0},"end":{"line":19,"column":29}},"19":{"start":{"line":20,"column":0},"end":{"line":20,"column":29}},"20":{"start":{"line":21,"column":0},"end":{"line":21,"column":32}},"21":{"start":{"line":22,"column":0},"end":{"line":22,"column":29}},"22":{"start":{"line":23,"column":0},"end":{"line":23,"column":8}},"23":{"start":{"line":24,"column":0},"end":{"line":24,"column":1}}},"s":{"0":1,"1":1,"2":1,"3":1,"4":1,"5":1,"6":1,"7":1,"8":1,"9":1,"10":1,"11":1,"12":1,"13":1,"14":1,"15":1,"16":83,"17":83,"18":83,"19":83,"20":83,"21":83,"22":83,"23":1},"branchMap":{"0":{"type":"branch","line":16,"loc":{"start":{"line":16,"column":4},"end":{"line":23,"column":8}},"locations":[{"start":{"line":16,"column":4},"end":{"line":23,"column":8}}]}},"b":{"0":[83]},"fnMap":{"0":{"name":"NegamaxResult","decl":{"start":{"line":16,"column":4},"end":{"line":23,"column":8}},"loc":{"start":{"line":16,"column":4},"end":{"line":23,"column":8}},"line":16}},"f":{"0":83}}
,"/home/dom/Documents/Projects/Azul/minimaxer/src/negamax/negamax.ts": {"path":"/home/dom/Documents/Projects/Azul/minimaxer/src/negamax/negamax.ts","all":false,"statementMap":{"0":{"start":{"line":1,"column":0},"end":{"line":1,"column":39}},"1":{"start":{"line":2,"column":0},"end":{"line":2,"column":58}},"2":{"start":{"line":3,"column":0},"end":{"line":3,"column":56}},"3":{"start":{"line":4,"column":0},"end":{"line":4,"column":60}},"4":{"start":{"line":5,"column":0},"end":{"line":5,"column":0}},"5":{"start":{"line":6,"column":0},"end":{"line":6,"column":3}},"6":{"start":{"line":7,"column":0},"end":{"line":7,"column":92}},"7":{"start":{"line":8,"column":0},"end":{"line":8,"column":74}},"8":{"start":{"line":9,"column":0},"end":{"line":9,"column":62}},"9":{"start":{"line":10,"column":0},"end":{"line":10,"column":3}},"10":{"start":{"line":11,"column":0},"end":{"line":11,"column":55}},"11":{"start":{"line":12,"column":0},"end":{"line":12,"column":23}},"12":{"start":{"line":13,"column":0},"end":{"line":13,"column":37}},"13":{"start":{"line":14,"column":0},"end":{"line":14,"column":41}},"14":{"start":{"line":15,"column":0},"end":{"line":15,"column":38}},"15":{"start":{"line":16,"column":0},"end":{"line":16,"column":42}},"16":{"start":{"line":17,"column":0},"end":{"line":17,"column":60}},"17":{"start":{"line":18,"column":0},"end":{"line":18,"column":30}},"18":{"start":{"line":19,"column":0},"end":{"line":19,"column":57}},"19":{"start":{"line":20,"column":0},"end":{"line":20,"column":29}},"20":{"start":{"line":21,"column":0},"end":{"line":21,"column":72}},"21":{"start":{"line":22,"column":0},"end":{"line":22,"column":31}},"22":{"start":{"line":23,"column":0},"end":{"line":23,"column":50}},"23":{"start":{"line":24,"column":0},"end":{"line":24,"column":37}},"24":{"start":{"line":25,"column":0},"end":{"line":25,"column":49}},"25":{"start":{"line":26,"column":0},"end":{"line":26,"column":36}},"26":{"start":{"line":27,"column":0},"end":{"line":27,"column":66}},"27":{"start":{"line":28,"column":0},"end":{"line":28,"column":27}},"28":{"start":{"line":29,"column":0},"end":{"line":29,"column":0}},"29":{"start":{"line":30,"column":0},"end":{"line":30,"column":7}},"30":{"start":{"line":31,"column":0},"end":{"line":31,"column":6}},"31":{"start":{"line":32,"column":0},"end":{"line":32,"column":48}},"32":{"start":{"line":33,"column":0},"end":{"line":33,"column":81}},"33":{"start":{"line":34,"column":0},"end":{"line":34,"column":73}},"34":{"start":{"line":35,"column":0},"end":{"line":35,"column":90}},"35":{"start":{"line":36,"column":0},"end":{"line":36,"column":79}},"36":{"start":{"line":37,"column":0},"end":{"line":37,"column":62}},"37":{"start":{"line":38,"column":0},"end":{"line":38,"column":7}},"38":{"start":{"line":39,"column":0},"end":{"line":39,"column":78}},"39":{"start":{"line":40,"column":0},"end":{"line":40,"column":37}},"40":{"start":{"line":41,"column":0},"end":{"line":41,"column":32}},"41":{"start":{"line":42,"column":0},"end":{"line":42,"column":29}},"42":{"start":{"line":43,"column":0},"end":{"line":43,"column":9}},"43":{"start":{"line":44,"column":0},"end":{"line":44,"column":5}},"44":{"start":{"line":45,"column":0},"end":{"line":45,"column":0}},"45":{"start":{"line":46,"column":0},"end":{"line":46,"column":7}},"46":{"start":{"line":47,"column":0},"end":{"line":47,"column":47}},"47":{"start":{"line":48,"column":0},"end":{"line":48,"column":66}},"48":{"start":{"line":49,"column":0},"end":{"line":49,"column":50}},"49":{"start":{"line":50,"column":0},"end":{"line":50,"column":66}},"50":{"start":{"line":51,"column":0},"end":{"line":51,"column":36}},"51":{"start":{"line":52,"column":0},"end":{"line":52,"column":41}},"52":{"start":{"line":53,"column":0},"end":{"line":53,"column":107}},"53":{"start":{"line":54,"column":0},"end":{"line":54,"column":37}},"54":{"start":{"line":55,"column":0},"end":{"line":55,"column":36}},"55":{"start":{"line":56,"column":0},"end":{"line":56,"column":6}},"56":{"start":{"line":57,"column":0},"end":{"line":57,"column":75}},"57":{"start":{"line":58,"column":0},"end":{"line":58,"column":40}},"58":{"start":{"line":59,"column":0},"end":{"line":59,"column":7}},"59":{"start":{"line":60,"column":0},"end":{"line":60,"column":58}},"60":{"start":{"line":61,"column":0},"end":{"line":61,"column":22}},"61":{"start":{"line":62,"column":0},"end":{"line":62,"column":26}},"62":{"start":{"line":63,"column":0},"end":{"line":63,"column":33}},"63":{"start":{"line":64,"column":0},"end":{"line":64,"column":31}},"64":{"start":{"line":65,"column":0},"end":{"line":65,"column":30}},"65":{"start":{"line":66,"column":0},"end":{"line":66,"column":32}},"66":{"start":{"line":67,"column":0},"end":{"line":67,"column":100}},"67":{"start":{"line":68,"column":0},"end":{"line":68,"column":24}},"68":{"start":{"line":69,"column":0},"end":{"line":69,"column":36}},"69":{"start":{"line":70,"column":0},"end":{"line":70,"column":17}},"70":{"start":{"line":71,"column":0},"end":{"line":71,"column":45}},"71":{"start":{"line":72,"column":0},"end":{"line":72,"column":66}},"72":{"start":{"line":73,"column":0},"end":{"line":73,"column":18}},"73":{"start":{"line":74,"column":0},"end":{"line":74,"column":26}},"74":{"start":{"line":75,"column":0},"end":{"line":75,"column":27}},"75":{"start":{"line":76,"column":0},"end":{"line":76,"column":10}},"76":{"start":{"line":77,"column":0},"end":{"line":77,"column":5}},"77":{"start":{"line":78,"column":0},"end":{"line":78,"column":0}},"78":{"start":{"line":79,"column":0},"end":{"line":79,"column":7}},"79":{"start":{"line":80,"column":0},"end":{"line":80,"column":48}},"80":{"start":{"line":81,"column":0},"end":{"line":81,"column":59}},"81":{"start":{"line":82,"column":0},"end":{"line":82,"column":49}},"82":{"start":{"line":83,"column":0},"end":{"line":83,"column":70}},"83":{"start":{"line":84,"column":0},"end":{"line":84,"column":36}},"84":{"start":{"line":85,"column":0},"end":{"line":85,"column":41}},"85":{"start":{"line":86,"column":0},"end":{"line":86,"column":107}},"86":{"start":{"line":87,"column":0},"end":{"line":87,"column":37}},"87":{"start":{"line":88,"column":0},"end":{"line":88,"column":36}},"88":{"start":{"line":89,"column":0},"end":{"line":89,"column":6}},"89":{"start":{"line":90,"column":0},"end":{"line":90,"column":80}},"90":{"start":{"line":91,"column":0},"end":{"line":91,"column":40}},"91":{"start":{"line":92,"column":0},"end":{"line":92,"column":7}},"92":{"start":{"line":93,"column":0},"end":{"line":93,"column":61}},"93":{"start":{"line":94,"column":0},"end":{"line":94,"column":41}},"94":{"start":{"line":95,"column":0},"end":{"line":95,"column":47}},"95":{"start":{"line":96,"column":0},"end":{"line":96,"column":29}},"96":{"start":{"line":97,"column":0},"end":{"line":97,"column":34}},"97":{"start":{"line":98,"column":0},"end":{"line":98,"column":47}},"98":{"start":{"line":99,"column":0},"end":{"line":99,"column":49}},"99":{"start":{"line":100,"column":0},"end":{"line":100,"column":0}},"100":{"start":{"line":101,"column":0},"end":{"line":101,"column":60}},"101":{"start":{"line":102,"column":0},"end":{"line":102,"column":73}},"102":{"start":{"line":103,"column":0},"end":{"line":103,"column":55}},"103":{"start":{"line":104,"column":0},"end":{"line":104,"column":89}},"104":{"start":{"line":105,"column":0},"end":{"line":105,"column":30}},"105":{"start":{"line":106,"column":0},"end":{"line":106,"column":13}},"106":{"start":{"line":107,"column":0},"end":{"line":107,"column":45}},"107":{"start":{"line":108,"column":0},"end":{"line":108,"column":9}},"108":{"start":{"line":109,"column":0},"end":{"line":109,"column":5}},"109":{"start":{"line":110,"column":0},"end":{"line":110,"column":0}},"110":{"start":{"line":111,"column":0},"end":{"line":111,"column":7}},"111":{"start":{"line":112,"column":0},"end":{"line":112,"column":70}},"112":{"start":{"line":113,"column":0},"end":{"line":113,"column":73}},"113":{"start":{"line":114,"column":0},"end":{"line":114,"column":50}},"114":{"start":{"line":115,"column":0},"end":{"line":115,"column":66}},"115":{"start":{"line":116,"column":0},"end":{"line":116,"column":36}},"116":{"start":{"line":117,"column":0},"end":{"line":117,"column":41}},"117":{"start":{"line":118,"column":0},"end":{"line":118,"column":107}},"118":{"start":{"line":119,"column":0},"end":{"line":119,"column":37}},"119":{"start":{"line":120,"column":0},"end":{"line":120,"column":36}},"120":{"start":{"line":121,"column":0},"end":{"line":121,"column":6}},"121":{"start":{"line":122,"column":0},"end":{"line":122,"column":75}},"122":{"start":{"line":123,"column":0},"end":{"line":123,"column":40}},"123":{"start":{"line":124,"column":0},"end":{"line":124,"column":7}},"124":{"start":{"line":125,"column":0},"end":{"line":125,"column":70}},"125":{"start":{"line":126,"column":0},"end":{"line":126,"column":42}},"126":{"start":{"line":127,"column":0},"end":{"line":127,"column":28}},"127":{"start":{"line":128,"column":0},"end":{"line":128,"column":34}},"128":{"start":{"line":129,"column":0},"end":{"line":129,"column":47}},"129":{"start":{"line":130,"column":0},"end":{"line":130,"column":49}},"130":{"start":{"line":131,"column":0},"end":{"line":131,"column":33}},"131":{"start":{"line":132,"column":0},"end":{"line":132,"column":73}},"132":{"start":{"line":133,"column":0},"end":{"line":133,"column":55}},"133":{"start":{"line":134,"column":0},"end":{"line":134,"column":45}},"134":{"start":{"line":135,"column":0},"end":{"line":135,"column":79}},"135":{"start":{"line":136,"column":0},"end":{"line":136,"column":30}},"136":{"start":{"line":137,"column":0},"end":{"line":137,"column":13}},"137":{"start":{"line":138,"column":0},"end":{"line":138,"column":9}},"138":{"start":{"line":139,"column":0},"end":{"line":139,"column":5}},"139":{"start":{"line":140,"column":0},"end":{"line":140,"column":0}},"140":{"start":{"line":141,"column":0},"end":{"line":141,"column":76}},"141":{"start":{"line":142,"column":0},"end":{"line":142,"column":40}},"142":{"start":{"line":143,"column":0},"end":{"line":143,"column":65}},"143":{"start":{"line":144,"column":0},"end":{"line":144,"column":76}},"144":{"start":{"line":145,"column":0},"end":{"line":145,"column":10}},"145":{"start":{"line":146,"column":0},"end":{"line":146,"column":5}},"146":{"start":{"line":147,"column":0},"end":{"line":147,"column":0}},"147":{"start":{"line":148,"column":0},"end":{"line":148,"column":7}},"148":{"start":{"line":149,"column":0},"end":{"line":149,"column":70}},"149":{"start":{"line":150,"column":0},"end":{"line":150,"column":108}},"150":{"start":{"line":151,"column":0},"end":{"line":151,"column":105}},"151":{"start":{"line":152,"column":0},"end":{"line":152,"column":6}},"152":{"start":{"line":153,"column":0},"end":{"line":153,"column":142}},"153":{"start":{"line":154,"column":0},"end":{"line":154,"column":93}},"154":{"start":{"line":155,"column":0},"end":{"line":155,"column":84}},"155":{"start":{"line":156,"column":0},"end":{"line":156,"column":6}},"156":{"start":{"line":157,"column":0},"end":{"line":157,"column":38}},"157":{"start":{"line":158,"column":0},"end":{"line":158,"column":6}},"158":{"start":{"line":159,"column":0},"end":{"line":159,"column":54}},"159":{"start":{"line":160,"column":0},"end":{"line":160,"column":50}},"160":{"start":{"line":161,"column":0},"end":{"line":161,"column":78}},"161":{"start":{"line":162,"column":0},"end":{"line":162,"column":87}},"162":{"start":{"line":163,"column":0},"end":{"line":163,"column":7}},"163":{"start":{"line":164,"column":0},"end":{"line":164,"column":117}},"164":{"start":{"line":165,"column":0},"end":{"line":165,"column":63}},"165":{"start":{"line":166,"column":0},"end":{"line":166,"column":55}},"166":{"start":{"line":167,"column":0},"end":{"line":167,"column":61}},"167":{"start":{"line":168,"column":0},"end":{"line":168,"column":16}},"168":{"start":{"line":169,"column":0},"end":{"line":169,"column":27}},"169":{"start":{"line":170,"column":0},"end":{"line":170,"column":37}},"170":{"start":{"line":171,"column":0},"end":{"line":171,"column":39}},"171":{"start":{"line":172,"column":0},"end":{"line":172,"column":13}},"172":{"start":{"line":173,"column":0},"end":{"line":173,"column":0}},"173":{"start":{"line":174,"column":0},"end":{"line":174,"column":34}},"174":{"start":{"line":175,"column":0},"end":{"line":175,"column":45}},"175":{"start":{"line":176,"column":0},"end":{"line":176,"column":44}},"176":{"start":{"line":177,"column":0},"end":{"line":177,"column":64}},"177":{"start":{"line":178,"column":0},"end":{"line":178,"column":71}},"178":{"start":{"line":179,"column":0},"end":{"line":179,"column":78}},"179":{"start":{"line":180,"column":0},"end":{"line":180,"column":46}},"180":{"start":{"line":181,"column":0},"end":{"line":181,"column":43}},"181":{"start":{"line":182,"column":0},"end":{"line":182,"column":17}},"182":{"start":{"line":183,"column":0},"end":{"line":183,"column":46}},"183":{"start":{"line":184,"column":0},"end":{"line":184,"column":66}},"184":{"start":{"line":185,"column":0},"end":{"line":185,"column":37}},"185":{"start":{"line":186,"column":0},"end":{"line":186,"column":66}},"186":{"start":{"line":187,"column":0},"end":{"line":187,"column":48}},"187":{"start":{"line":188,"column":0},"end":{"line":188,"column":51}},"188":{"start":{"line":189,"column":0},"end":{"line":189,"column":40}},"189":{"start":{"line":190,"column":0},"end":{"line":190,"column":30}},"190":{"start":{"line":191,"column":0},"end":{"line":191,"column":21}},"191":{"start":{"line":192,"column":0},"end":{"line":192,"column":17}},"192":{"start":{"line":193,"column":0},"end":{"line":193,"column":13}},"193":{"start":{"line":194,"column":0},"end":{"line":194,"column":62}},"194":{"start":{"line":195,"column":0},"end":{"line":195,"column":39}},"195":{"start":{"line":196,"column":0},"end":{"line":196,"column":24}},"196":{"start":{"line":197,"column":0},"end":{"line":197,"column":9}},"197":{"start":{"line":198,"column":0},"end":{"line":198,"column":5}},"198":{"start":{"line":199,"column":0},"end":{"line":199,"column":0}},"199":{"start":{"line":200,"column":0},"end":{"line":200,"column":7}},"200":{"start":{"line":201,"column":0},"end":{"line":201,"column":49}},"201":{"start":{"line":202,"column":0},"end":{"line":202,"column":42}},"202":{"start":{"line":203,"column":0},"end":{"line":203,"column":18}},"203":{"start":{"line":204,"column":0},"end":{"line":204,"column":19}},"204":{"start":{"line":205,"column":0},"end":{"line":205,"column":20}},"205":{"start":{"line":206,"column":0},"end":{"line":206,"column":7}},"206":{"start":{"line":207,"column":0},"end":{"line":207,"column":96}},"207":{"start":{"line":208,"column":0},"end":{"line":208,"column":83}},"208":{"start":{"line":209,"column":0},"end":{"line":209,"column":64}},"209":{"start":{"line":210,"column":0},"end":{"line":210,"column":47}},"210":{"start":{"line":211,"column":0},"end":{"line":211,"column":36}},"211":{"start":{"line":212,"column":0},"end":{"line":212,"column":24}},"212":{"start":{"line":213,"column":0},"end":{"line":213,"column":76}},"213":{"start":{"line":214,"column":0},"end":{"line":214,"column":35}},"214":{"start":{"line":215,"column":0},"end":{"line":215,"column":36}},"215":{"start":{"line":216,"column":0},"end":{"line":216,"column":9}},"216":{"start":{"line":217,"column":0},"end":{"line":217,"column":37}},"217":{"start":{"line":218,"column":0},"end":{"line":218,"column":5}},"218":{"start":{"line":219,"column":0},"end":{"line":219,"column":0}},"219":{"start":{"line":220,"column":0},"end":{"line":220,"column":7}},"220":{"start":{"line":221,"column":0},"end":{"line":221,"column":50}},"221":{"start":{"line":222,"column":0},"end":{"line":222,"column":61}},"222":{"start":{"line":223,"column":0},"end":{"line":223,"column":7}},"223":{"start":{"line":224,"column":0},"end":{"line":224,"column":38}},"224":{"start":{"line":225,"column":0},"end":{"line":225,"column":30}},"225":{"start":{"line":226,"column":0},"end":{"line":226,"column":31}},"226":{"start":{"line":227,"column":0},"end":{"line":227,"column":28}},"227":{"start":{"line":228,"column":0},"end":{"line":228,"column":54}},"228":{"start":{"line":229,"column":0},"end":{"line":229,"column":36}},"229":{"start":{"line":230,"column":0},"end":{"line":230,"column":28}},"230":{"start":{"line":231,"column":0},"end":{"line":231,"column":13}},"231":{"start":{"line":232,"column":0},"end":{"line":232,"column":9}},"232":{"start":{"line":233,"column":0},"end":{"line":233,"column":21}},"233":{"start":{"line":234,"column":0},"end":{"line":234,"column":5}},"234":{"start":{"line":235,"column":0},"end":{"line":235,"column":0}},"235":{"start":{"line":236,"column":0},"end":{"line":236,"column":7}},"236":{"start":{"line":237,"column":0},"end":{"line":237,"column":100}},"237":{"start":{"line":238,"column":0},"end":{"line":238,"column":40}},"238":{"start":{"line":239,"column":0},"end":{"line":239,"column":57}},"239":{"start":{"line":240,"column":0},"end":{"line":240,"column":62}},"240":{"start":{"line":241,"column":0},"end":{"line":241,"column":7}},"241":{"start":{"line":242,"column":0},"end":{"line":242,"column":90}},"242":{"start":{"line":243,"column":0},"end":{"line":243,"column":33}},"243":{"start":{"line":244,"column":0},"end":{"line":244,"column":47}},"244":{"start":{"line":245,"column":0},"end":{"line":245,"column":37}},"245":{"start":{"line":246,"column":0},"end":{"line":246,"column":59}},"246":{"start":{"line":247,"column":0},"end":{"line":247,"column":44}},"247":{"start":{"line":248,"column":0},"end":{"line":248,"column":40}},"248":{"start":{"line":249,"column":0},"end":{"line":249,"column":13}},"249":{"start":{"line":250,"column":0},"end":{"line":250,"column":39}},"250":{"start":{"line":251,"column":0},"end":{"line":251,"column":16}},"251":{"start":{"line":252,"column":0},"end":{"line":252,"column":42}},"252":{"start":{"line":253,"column":0},"end":{"line":253,"column":56}},"253":{"start":{"line":254,"column":0},"end":{"line":254,"column":80}},"254":{"start":{"line":255,"column":0},"end":{"line":255,"column":40}},"255":{"start":{"line":256,"column":0},"end":{"line":256,"column":13}},"256":{"start":{"line":257,"column":0},"end":{"line":257,"column":33}},"257":{"start":{"line":258,"column":0},"end":{"line":258,"column":9}},"258":{"start":{"line":259,"column":0},"end":{"line":259,"column":5}},"259":{"start":{"line":260,"column":0},"end":{"line":260,"column":0}},"260":{"start":{"line":261,"column":0},"end":{"line":261,"column":7}},"261":{"start":{"line":262,"column":0},"end":{"line":262,"column":87}},"262":{"start":{"line":263,"column":0},"end":{"line":263,"column":45}},"263":{"start":{"line":264,"column":0},"end":{"line":264,"column":7}},"264":{"start":{"line":265,"column":0},"end":{"line":265,"column":59}},"265":{"start":{"line":266,"column":0},"end":{"line":266,"column":30}},"266":{"start":{"line":267,"column":0},"end":{"line":267,"column":34}},"267":{"start":{"line":268,"column":0},"end":{"line":268,"column":42}},"268":{"start":{"line":269,"column":0},"end":{"line":269,"column":49}},"269":{"start":{"line":270,"column":0},"end":{"line":270,"column":16}},"270":{"start":{"line":271,"column":0},"end":{"line":271,"column":46}},"271":{"start":{"line":272,"column":0},"end":{"line":272,"column":9}},"272":{"start":{"line":273,"column":0},"end":{"line":273,"column":57}},"273":{"start":{"line":274,"column":0},"end":{"line":274,"column":47}},"274":{"start":{"line":275,"column":0},"end":{"line":275,"column":5}},"275":{"start":{"line":276,"column":0},"end":{"line":276,"column":1}}},"s":{"0":1,"1":1,"2":1,"3":1,"4":1,"5":1,"6":1,"7":1,"8":1,"9":1,"10":1,"11":1,"12":1,"13":1,"14":1,"15":1,"16":1,"17":1,"18":1,"19":1,"20":1,"21":1,"22":1,"23":1,"24":1,"25":1,"26":1,"27":1,"28":1,"29":1,"30":1,"31":1,"32":1,"33":1,"34":1,"35":1,"36":1,"37":1,"38":1,"39":10,"40":10,"41":10,"42":10,"43":10,"44":1,"45":1,"46":1,"47":1,"48":1,"49":1,"50":1,"51":1,"52":1,"53":1,"54":1,"55":1,"56":1,"57":1,"58":1,"59":1,"60":83,"61":83,"62":83,"63":83,"64":83,"65":83,"66":83,"67":83,"68":83,"69":83,"70":83,"71":83,"72":83,"73":83,"74":83,"75":83,"76":83,"77":1,"78":1,"79":1,"80":1,"81":1,"82":1,"83":1,"84":1,"85":1,"86":1,"87":1,"88":1,"89":1,"90":1,"91":1,"92":1,"93":6,"94":6,"95":6,"96":6,"97":6,"98":6,"99":6,"100":6,"101":6,"102":51,"103":51,"104":6,"105":6,"106":45,"107":45,"108":0,"109":1,"110":1,"111":1,"112":1,"113":1,"114":1,"115":1,"116":1,"117":1,"118":1,"119":1,"120":1,"121":1,"122":1,"123":1,"124":1,"125":4,"126":4,"127":4,"128":4,"129":4,"130":4,"131":4,"132":32,"133":32,"134":32,"135":4,"136":4,"137":32,"138":0,"139":1,"140":1,"141":1,"142":1,"143":1,"144":77,"145":77,"146":1,"147":1,"148":1,"149":1,"150":1,"151":1,"152":1,"153":1,"154":1,"155":1,"156":1,"157":1,"158":1,"159":1,"160":1,"161":1,"162":1,"163":1,"164":2448108,"165":2448108,"166":1607891,"167":2448108,"168":840217,"169":840217,"170":0,"171":0,"172":840217,"173":840217,"174":840217,"175":840217,"176":840217,"177":2448025,"178":2448025,"179":2448025,"180":0,"181":0,"182":2448025,"183":2448025,"184":126214,"185":126214,"186":126214,"187":126214,"188":126214,"189":41515,"190":41515,"191":126214,"192":2448025,"193":840217,"194":840217,"195":840217,"196":840217,"197":2448108,"198":1,"199":1,"200":1,"201":1,"202":1,"203":1,"204":1,"205":1,"206":1,"207":1607891,"208":1607891,"209":1607891,"210":1607891,"211":1607891,"212":1607891,"213":1318614,"214":1318614,"215":1318614,"216":289277,"217":289277,"218":1,"219":1,"220":1,"221":1,"222":1,"223":1,"224":840217,"225":632905,"226":0,"227":632905,"228":0,"229":0,"230":0,"231":632905,"232":840217,"233":840217,"234":1,"235":1,"236":1,"237":1,"238":1,"239":1,"240":1,"241":1,"242":840217,"243":12256,"244":12256,"245":5915,"246":12256,"247":6341,"248":6341,"249":12256,"250":840217,"251":827961,"252":827961,"253":827961,"254":949,"255":949,"256":827961,"257":827961,"258":840217,"259":1,"260":1,"261":1,"262":1,"263":1,"264":1,"265":840217,"266":840217,"267":0,"268":0,"269":840217,"270":840217,"271":840217,"272":840217,"273":840217,"274":840217,"275":1},"branchMap":{"0":{"type":"branch","line":39,"loc":{"start":{"line":39,"column":4},"end":{"line":44,"column":5}},"locations":[{"start":{"line":39,"column":4},"end":{"line":44,"column":5}}]},"1":{"type":"branch","line":60,"loc":{"start":{"line":60,"column":4},"end":{"line":77,"column":5}},"locations":[{"start":{"line":60,"column":4},"end":{"line":77,"column":5}}]},"2":{"type":"branch","line":93,"loc":{"start":{"line":93,"column":4},"end":{"line":109,"column":5}},"locations":[{"start":{"line":93,"column":4},"end":{"line":109,"column":5}}]},"3":{"type":"branch","line":102,"loc":{"start":{"line":102,"column":72},"end":{"line":108,"column":9}},"locations":[{"start":{"line":102,"column":72},"end":{"line":108,"column":9}}]},"4":{"type":"branch","line":104,"loc":{"start":{"line":104,"column":52},"end":{"line":104,"column":86}},"locations":[{"start":{"line":104,"column":52},"end":{"line":104,"column":86}}]},"5":{"type":"branch","line":104,"loc":{"start":{"line":104,"column":88},"end":{"line":106,"column":13}},"locations":[{"start":{"line":104,"column":88},"end":{"line":106,"column":13}}]},"6":{"type":"branch","line":107,"loc":{"start":{"line":107,"column":-1},"end":{"line":108,"column":9}},"locations":[{"start":{"line":107,"column":-1},"end":{"line":108,"column":9}}]},"7":{"type":"branch","line":109,"loc":{"start":{"line":109,"column":-1},"end":{"line":109,"column":5}},"locations":[{"start":{"line":109,"column":-1},"end":{"line":109,"column":5}}]},"8":{"type":"branch","line":125,"loc":{"start":{"line":125,"column":4},"end":{"line":139,"column":5}},"locations":[{"start":{"line":125,"column":4},"end":{"line":139,"column":5}}]},"9":{"type":"branch","line":132,"loc":{"start":{"line":132,"column":72},"end":{"line":138,"column":9}},"locations":[{"start":{"line":132,"column":72},"end":{"line":138,"column":9}}]},"10":{"type":"branch","line":135,"loc":{"start":{"line":135,"column":78},"end":{"line":137,"column":13}},"locations":[{"start":{"line":135,"column":78},"end":{"line":137,"column":13}}]},"11":{"type":"branch","line":139,"loc":{"start":{"line":139,"column":-1},"end":{"line":139,"column":5}},"locations":[{"start":{"line":139,"column":-1},"end":{"line":139,"column":5}}]},"12":{"type":"branch","line":144,"loc":{"start":{"line":144,"column":4},"end":{"line":146,"column":5}},"locations":[{"start":{"line":144,"column":4},"end":{"line":146,"column":5}}]},"13":{"type":"branch","line":164,"loc":{"start":{"line":164,"column":14},"end":{"line":198,"column":5}},"locations":[{"start":{"line":164,"column":14},"end":{"line":198,"column":5}}]},"14":{"type":"branch","line":166,"loc":{"start":{"line":166,"column":22},"end":{"line":166,"column":52}},"locations":[{"start":{"line":166,"column":22},"end":{"line":166,"column":52}}]},"15":{"type":"branch","line":166,"loc":{"start":{"line":166,"column":54},"end":{"line":168,"column":15}},"locations":[{"start":{"line":166,"column":54},"end":{"line":168,"column":15}}]},"16":{"type":"branch","line":168,"loc":{"start":{"line":168,"column":9},"end":{"line":197,"column":9}},"locations":[{"start":{"line":168,"column":9},"end":{"line":197,"column":9}}]},"17":{"type":"branch","line":170,"loc":{"start":{"line":170,"column":36},"end":{"line":172,"column":13}},"locations":[{"start":{"line":170,"column":36},"end":{"line":172,"column":13}}]},"18":{"type":"branch","line":177,"loc":{"start":{"line":177,"column":63},"end":{"line":193,"column":13}},"locations":[{"start":{"line":177,"column":63},"end":{"line":193,"column":13}}]},"19":{"type":"branch","line":180,"loc":{"start":{"line":180,"column":45},"end":{"line":182,"column":17}},"locations":[{"start":{"line":180,"column":45},"end":{"line":182,"column":17}}]},"20":{"type":"branch","line":184,"loc":{"start":{"line":184,"column":65},"end":{"line":192,"column":17}},"locations":[{"start":{"line":184,"column":65},"end":{"line":192,"column":17}}]},"21":{"type":"branch","line":189,"loc":{"start":{"line":189,"column":39},"end":{"line":191,"column":21}},"locations":[{"start":{"line":189,"column":39},"end":{"line":191,"column":21}}]},"22":{"type":"branch","line":207,"loc":{"start":{"line":207,"column":14},"end":{"line":218,"column":5}},"locations":[{"start":{"line":207,"column":14},"end":{"line":218,"column":5}}]},"23":{"type":"branch","line":213,"loc":{"start":{"line":213,"column":27},"end":{"line":213,"column":73}},"locations":[{"start":{"line":213,"column":27},"end":{"line":213,"column":73}}]},"24":{"type":"branch","line":213,"loc":{"start":{"line":213,"column":42},"end":{"line":213,"column":72}},"locations":[{"start":{"line":213,"column":42},"end":{"line":213,"column":72}}]},"25":{"type":"branch","line":213,"loc":{"start":{"line":213,"column":75},"end":{"line":216,"column":9}},"locations":[{"start":{"line":213,"column":75},"end":{"line":216,"column":9}}]},"26":{"type":"branch","line":217,"loc":{"start":{"line":217,"column":-1},"end":{"line":218,"column":5}},"locations":[{"start":{"line":217,"column":-1},"end":{"line":218,"column":5}}]},"27":{"type":"branch","line":224,"loc":{"start":{"line":224,"column":14},"end":{"line":234,"column":5}},"locations":[{"start":{"line":224,"column":14},"end":{"line":234,"column":5}}]},"28":{"type":"branch","line":225,"loc":{"start":{"line":225,"column":29},"end":{"line":232,"column":9}},"locations":[{"start":{"line":225,"column":29},"end":{"line":232,"column":9}}]},"29":{"type":"branch","line":226,"loc":{"start":{"line":226,"column":30},"end":{"line":228,"column":19}},"locations":[{"start":{"line":226,"column":30},"end":{"line":228,"column":19}}]},"30":{"type":"branch","line":228,"loc":{"start":{"line":228,"column":53},"end":{"line":231,"column":13}},"locations":[{"start":{"line":228,"column":53},"end":{"line":231,"column":13}}]},"31":{"type":"branch","line":242,"loc":{"start":{"line":242,"column":14},"end":{"line":259,"column":5}},"locations":[{"start":{"line":242,"column":14},"end":{"line":259,"column":5}}]},"32":{"type":"branch","line":243,"loc":{"start":{"line":243,"column":32},"end":{"line":251,"column":15}},"locations":[{"start":{"line":243,"column":32},"end":{"line":251,"column":15}}]},"33":{"type":"branch","line":245,"loc":{"start":{"line":245,"column":36},"end":{"line":247,"column":19}},"locations":[{"start":{"line":245,"column":36},"end":{"line":247,"column":19}}]},"34":{"type":"branch","line":247,"loc":{"start":{"line":247,"column":13},"end":{"line":249,"column":13}},"locations":[{"start":{"line":247,"column":13},"end":{"line":249,"column":13}}]},"35":{"type":"branch","line":251,"loc":{"start":{"line":251,"column":9},"end":{"line":258,"column":9}},"locations":[{"start":{"line":251,"column":9},"end":{"line":258,"column":9}}]},"36":{"type":"branch","line":254,"loc":{"start":{"line":254,"column":42},"end":{"line":254,"column":64}},"locations":[{"start":{"line":254,"column":42},"end":{"line":254,"column":64}}]},"37":{"type":"branch","line":254,"loc":{"start":{"line":254,"column":64},"end":{"line":254,"column":77}},"locations":[{"start":{"line":254,"column":64},"end":{"line":254,"column":77}}]},"38":{"type":"branch","line":254,"loc":{"start":{"line":254,"column":79},"end":{"line":256,"column":13}},"locations":[{"start":{"line":254,"column":79},"end":{"line":256,"column":13}}]},"39":{"type":"branch","line":265,"loc":{"start":{"line":265,"column":14},"end":{"line":275,"column":5}},"locations":[{"start":{"line":265,"column":14},"end":{"line":275,"column":5}}]},"40":{"type":"branch","line":267,"loc":{"start":{"line":267,"column":33},"end":{"line":270,"column":15}},"locations":[{"start":{"line":267,"column":33},"end":{"line":270,"column":15}}]}},"b":{"0":[10],"1":[83],"2":[6],"3":[51],"4":[45],"5":[6],"6":[45],"7":[0],"8":[4],"9":[32],"10":[4],"11":[0],"12":[77],"13":[2448108],"14":[1062083],"15":[1607891],"16":[840217],"17":[0],"18":[2448025],"19":[0],"20":[126214],"21":[41515],"22":[1607891],"23":[289354],"24":[139548],"25":[1318614],"26":[289277],"27":[840217],"28":[632905],"29":[0],"30":[0],"31":[840217],"32":[12256],"33":[5915],"34":[6341],"35":[827961],"36":[336614],"37":[949],"38":[949],"39":[840217],"40":[0]},"fnMap":{"0":{"name":"Negamax","decl":{"start":{"line":39,"column":4},"end":{"line":44,"column":5}},"loc":{"start":{"line":39,"column":4},"end":{"line":44,"column":5}},"line":39},"1":{"name":"evalDepth","decl":{"start":{"line":60,"column":4},"end":{"line":77,"column":5}},"loc":{"start":{"line":60,"column":4},"end":{"line":77,"column":5}},"line":60},"2":{"name":"evalTime","decl":{"start":{"line":93,"column":4},"end":{"line":109,"column":5}},"loc":{"start":{"line":93,"column":4},"end":{"line":109,"column":5}},"line":93},"3":{"name":"evalDeepening","decl":{"start":{"line":125,"column":4},"end":{"line":139,"column":5}},"loc":{"start":{"line":125,"column":4},"end":{"line":139,"column":5}},"line":125},"4":{"name":"depthCallback","decl":{"start":{"line":144,"column":4},"end":{"line":146,"column":5}},"loc":{"start":{"line":144,"column":4},"end":{"line":146,"column":5}},"line":144},"5":{"name":"negamax","decl":{"start":{"line":164,"column":14},"end":{"line":198,"column":5}},"loc":{"start":{"line":164,"column":14},"end":{"line":198,"column":5}},"line":164},"6":{"name":"assignNodeValue","decl":{"start":{"line":207,"column":14},"end":{"line":218,"column":5}},"loc":{"start":{"line":207,"column":14},"end":{"line":218,"column":5}},"line":207},"7":{"name":"checkExpiry","decl":{"start":{"line":224,"column":14},"end":{"line":234,"column":5}},"loc":{"start":{"line":224,"column":14},"end":{"line":234,"column":5}},"line":224},"8":{"name":"getChildren","decl":{"start":{"line":242,"column":14},"end":{"line":259,"column":5}},"loc":{"start":{"line":242,"column":14},"end":{"line":259,"column":5}},"line":242},"9":{"name":"assignBestChild","decl":{"start":{"line":265,"column":14},"end":{"line":275,"column":5}},"loc":{"start":{"line":265,"column":14},"end":{"line":275,"column":5}},"line":265}},"f":{"0":10,"1":83,"2":6,"3":4,"4":77,"5":2448108,"6":1607891,"7":840217,"8":840217,"9":840217}}
,"/home/dom/Documents/Projects/Azul/minimaxer/src/tree/node.ts": {"path":"/home/dom/Documents/Projects/Azul/minimaxer/src/tree/node.ts","all":false,"statementMap":{"0":{"start":{"line":1,"column":0},"end":{"line":1,"column":3}},"1":{"start":{"line":2,"column":0},"end":{"line":2,"column":36}},"2":{"start":{"line":3,"column":0},"end":{"line":3,"column":3}},"3":{"start":{"line":4,"column":0},"end":{"line":4,"column":28}},"4":{"start":{"line":5,"column":0},"end":{"line":5,"column":62}},"5":{"start":{"line":6,"column":0},"end":{"line":6,"column":9}},"6":{"start":{"line":7,"column":0},"end":{"line":7,"column":39}},"7":{"start":{"line":8,"column":0},"end":{"line":8,"column":10}},"8":{"start":{"line":9,"column":0},"end":{"line":9,"column":55}},"9":{"start":{"line":10,"column":0},"end":{"line":10,"column":9}},"10":{"start":{"line":11,"column":0},"end":{"line":11,"column":1}},"11":{"start":{"line":12,"column":0},"end":{"line":12,"column":0}},"12":{"start":{"line":13,"column":0},"end":{"line":13,"column":3}},"13":{"start":{"line":14,"column":0},"end":{"line":14,"column":68}},"14":{"start":{"line":15,"column":0},"end":{"line":15,"column":101}},"15":{"start":{"line":16,"column":0},"end":{"line":16,"column":3}},"16":{"start":{"line":17,"column":0},"end":{"line":17,"column":27}},"17":{"start":{"line":18,"column":0},"end":{"line":18,"column":64}},"18":{"start":{"line":19,"column":0},"end":{"line":19,"column":13}},"19":{"start":{"line":20,"column":0},"end":{"line":20,"column":9}},"20":{"start":{"line":21,"column":0},"end":{"line":21,"column":64}},"21":{"start":{"line":22,"column":0},"end":{"line":22,"column":12}},"22":{"start":{"line":23,"column":0},"end":{"line":23,"column":91}},"23":{"start":{"line":24,"column":0},"end":{"line":24,"column":9}},"24":{"start":{"line":25,"column":0},"end":{"line":25,"column":77}},"25":{"start":{"line":26,"column":0},"end":{"line":26,"column":9}},"26":{"start":{"line":27,"column":0},"end":{"line":27,"column":1}},"27":{"start":{"line":28,"column":0},"end":{"line":28,"column":0}},"28":{"start":{"line":29,"column":0},"end":{"line":29,"column":3}},"29":{"start":{"line":30,"column":0},"end":{"line":30,"column":53}},"30":{"start":{"line":31,"column":0},"end":{"line":31,"column":54}},"31":{"start":{"line":32,"column":0},"end":{"line":32,"column":64}},"32":{"start":{"line":33,"column":0},"end":{"line":33,"column":60}},"33":{"start":{"line":34,"column":0},"end":{"line":34,"column":89}},"34":{"start":{"line":35,"column":0},"end":{"line":35,"column":3}},"35":{"start":{"line":36,"column":0},"end":{"line":36,"column":29}},"36":{"start":{"line":37,"column":0},"end":{"line":37,"column":57}},"37":{"start":{"line":38,"column":0},"end":{"line":38,"column":39}},"38":{"start":{"line":39,"column":0},"end":{"line":39,"column":57}},"39":{"start":{"line":40,"column":0},"end":{"line":40,"column":36}},"40":{"start":{"line":41,"column":0},"end":{"line":41,"column":44}},"41":{"start":{"line":42,"column":0},"end":{"line":42,"column":16}},"42":{"start":{"line":43,"column":0},"end":{"line":43,"column":46}},"43":{"start":{"line":44,"column":0},"end":{"line":44,"column":14}},"44":{"start":{"line":45,"column":0},"end":{"line":45,"column":58}},"45":{"start":{"line":46,"column":0},"end":{"line":46,"column":23}},"46":{"start":{"line":47,"column":0},"end":{"line":47,"column":7}},"47":{"start":{"line":48,"column":0},"end":{"line":48,"column":53}},"48":{"start":{"line":49,"column":0},"end":{"line":49,"column":54}},"49":{"start":{"line":50,"column":0},"end":{"line":50,"column":7}},"50":{"start":{"line":51,"column":0},"end":{"line":51,"column":23}},"51":{"start":{"line":52,"column":0},"end":{"line":52,"column":46}},"52":{"start":{"line":53,"column":0},"end":{"line":53,"column":26}},"53":{"start":{"line":54,"column":0},"end":{"line":54,"column":0}},"54":{"start":{"line":55,"column":0},"end":{"line":55,"column":53}},"55":{"start":{"line":56,"column":0},"end":{"line":56,"column":38}},"56":{"start":{"line":57,"column":0},"end":{"line":57,"column":59}},"57":{"start":{"line":58,"column":0},"end":{"line":58,"column":24}},"58":{"start":{"line":59,"column":0},"end":{"line":59,"column":0}},"59":{"start":{"line":60,"column":0},"end":{"line":60,"column":7}},"60":{"start":{"line":61,"column":0},"end":{"line":61,"column":69}},"61":{"start":{"line":62,"column":0},"end":{"line":62,"column":102}},"62":{"start":{"line":63,"column":0},"end":{"line":63,"column":75}},"63":{"start":{"line":64,"column":0},"end":{"line":64,"column":57}},"64":{"start":{"line":65,"column":0},"end":{"line":65,"column":70}},"65":{"start":{"line":66,"column":0},"end":{"line":66,"column":7}},"66":{"start":{"line":67,"column":0},"end":{"line":67,"column":16}},"67":{"start":{"line":68,"column":0},"end":{"line":68,"column":30}},"68":{"start":{"line":69,"column":0},"end":{"line":69,"column":29}},"69":{"start":{"line":70,"column":0},"end":{"line":70,"column":24}},"70":{"start":{"line":71,"column":0},"end":{"line":71,"column":34}},"71":{"start":{"line":72,"column":0},"end":{"line":72,"column":36}},"72":{"start":{"line":73,"column":0},"end":{"line":73,"column":8}},"73":{"start":{"line":74,"column":0},"end":{"line":74,"column":1}}},"s":{"0":1,"1":1,"2":1,"3":1,"4":1,"5":1,"6":1,"7":1,"8":1,"9":1,"10":1,"11":1,"12":1,"13":1,"14":1,"15":1,"16":1,"17":1,"18":1,"19":1,"20":1,"21":1,"22":1,"23":1,"24":1,"25":1,"26":1,"27":1,"28":1,"29":1,"30":1,"31":1,"32":1,"33":1,"34":1,"35":1,"36":1,"37":1,"38":1,"39":1,"40":1,"41":1,"42":1,"43":1,"44":1,"45":1,"46":1,"47":1,"48":1,"49":1,"50":1,"51":1,"52":1,"53":1,"54":1,"55":1,"56":1,"57":1,"58":1,"59":1,"60":1,"61":1,"62":1,"63":1,"64":1,"65":1,"66":1,"67":1985414,"68":1985414,"69":1985414,"70":1985414,"71":1985414,"72":1985414,"73":1},"branchMap":{"0":{"type":"branch","line":67,"loc":{"start":{"line":67,"column":4},"end":{"line":73,"column":8}},"locations":[{"start":{"line":67,"column":4},"end":{"line":73,"column":8}}]}},"b":{"0":[1985414]},"fnMap":{"0":{"name":"Node","decl":{"start":{"line":67,"column":4},"end":{"line":73,"column":8}},"loc":{"start":{"line":67,"column":4},"end":{"line":73,"column":8}},"line":67}},"f":{"0":1985414}}
,"/home/dom/Documents/Projects/Azul/minimaxer/src/tree/search.ts": {"path":"/home/dom/Documents/Projects/Azul/minimaxer/src/tree/search.ts","all":false,"statementMap":{"0":{"start":{"line":1,"column":0},"end":{"line":1,"column":3}},"1":{"start":{"line":2,"column":0},"end":{"line":2,"column":51}},"2":{"start":{"line":3,"column":0},"end":{"line":3,"column":3}},"3":{"start":{"line":4,"column":0},"end":{"line":4,"column":30}},"4":{"start":{"line":5,"column":0},"end":{"line":5,"column":52}},"5":{"start":{"line":6,"column":0},"end":{"line":6,"column":10}},"6":{"start":{"line":7,"column":0},"end":{"line":7,"column":39}},"7":{"start":{"line":8,"column":0},"end":{"line":8,"column":15}},"8":{"start":{"line":9,"column":0},"end":{"line":9,"column":48}},"9":{"start":{"line":10,"column":0},"end":{"line":10,"column":9}},"10":{"start":{"line":11,"column":0},"end":{"line":11,"column":1}},"11":{"start":{"line":12,"column":0},"end":{"line":12,"column":0}},"12":{"start":{"line":13,"column":0},"end":{"line":13,"column":20}},"13":{"start":{"line":14,"column":0},"end":{"line":14,"column":31}},"14":{"start":{"line":15,"column":0},"end":{"line":15,"column":33}},"15":{"start":{"line":16,"column":0},"end":{"line":16,"column":9}},"16":{"start":{"line":17,"column":0},"end":{"line":17,"column":33}},"17":{"start":{"line":18,"column":0},"end":{"line":18,"column":15}},"18":{"start":{"line":19,"column":0},"end":{"line":19,"column":1}},"19":{"start":{"line":20,"column":0},"end":{"line":20,"column":0}},"20":{"start":{"line":21,"column":0},"end":{"line":21,"column":3}},"21":{"start":{"line":22,"column":0},"end":{"line":22,"column":65}},"22":{"start":{"line":23,"column":0},"end":{"line":23,"column":3}},"23":{"start":{"line":24,"column":0},"end":{"line":24,"column":25}},"24":{"start":{"line":25,"column":0},"end":{"line":25,"column":42}},"25":{"start":{"line":26,"column":0},"end":{"line":26,"column":44}},"26":{"start":{"line":27,"column":0},"end":{"line":27,"column":7}},"27":{"start":{"line":28,"column":0},"end":{"line":28,"column":56}},"28":{"start":{"line":29,"column":0},"end":{"line":29,"column":56}},"29":{"start":{"line":30,"column":0},"end":{"line":30,"column":7}},"30":{"start":{"line":31,"column":0},"end":{"line":31,"column":21}},"31":{"start":{"line":32,"column":0},"end":{"line":32,"column":7}},"32":{"start":{"line":33,"column":0},"end":{"line":33,"column":78}},"33":{"start":{"line":34,"column":0},"end":{"line":34,"column":43}},"34":{"start":{"line":35,"column":0},"end":{"line":35,"column":7}},"35":{"start":{"line":36,"column":0},"end":{"line":36,"column":21}},"36":{"start":{"line":37,"column":0},"end":{"line":37,"column":7}},"37":{"start":{"line":38,"column":0},"end":{"line":38,"column":81}},"38":{"start":{"line":39,"column":0},"end":{"line":39,"column":79}},"39":{"start":{"line":40,"column":0},"end":{"line":40,"column":52}},"40":{"start":{"line":41,"column":0},"end":{"line":41,"column":7}},"41":{"start":{"line":42,"column":0},"end":{"line":42,"column":24}},"42":{"start":{"line":43,"column":0},"end":{"line":43,"column":56}},"43":{"start":{"line":44,"column":0},"end":{"line":44,"column":20}},"44":{"start":{"line":45,"column":0},"end":{"line":45,"column":45}},"45":{"start":{"line":46,"column":0},"end":{"line":46,"column":19}},"46":{"start":{"line":47,"column":0},"end":{"line":47,"column":57}},"47":{"start":{"line":48,"column":0},"end":{"line":48,"column":14}},"48":{"start":{"line":49,"column":0},"end":{"line":49,"column":1}}},"s":{"0":1,"1":1,"2":1,"3":1,"4":1,"5":1,"6":1,"7":1,"8":1,"9":1,"10":1,"11":1,"12":1,"13":1,"14":1,"15":1,"16":1,"17":1,"18":1,"19":1,"20":1,"21":1,"22":1,"23":17,"24":17,"25":17,"26":17,"27":17,"28":17,"29":17,"30":17,"31":17,"32":17,"33":17,"34":17,"35":17,"36":17,"37":17,"38":17,"39":17,"40":17,"41":17,"42":17,"43":17,"44":17,"45":17,"46":17,"47":17,"48":17},"branchMap":{"0":{"type":"branch","line":24,"loc":{"start":{"line":24,"column":0},"end":{"line":49,"column":1}},"locations":[{"start":{"line":24,"column":0},"end":{"line":49,"column":1}}]}},"b":{"0":[17]},"fnMap":{"0":{"name":"SearchOpts","decl":{"start":{"line":24,"column":0},"end":{"line":49,"column":1}},"loc":{"start":{"line":24,"column":0},"end":{"line":49,"column":1}},"line":24}},"f":{"0":17}}
[...]
column":0},"end":{"line":56,"column":25}},"56":{"start":{"line":57,"column":0},"end":{"line":57,"column":9}},"57":{"start":{"line":58,"column":0},"end":{"line":58,"column":0}},"58":{"start":{"line":59,"column":0},"end":{"line":59,"column":40}},"59":{"start":{"line":60,"column":0},"end":{"line":60,"column":51}},"60":{"start":{"line":61,"column":0},"end":{"line":61,"column":27}},"61":{"start":{"line":62,"column":0},"end":{"line":62,"column":55}},"62":{"start":{"line":63,"column":0},"end":{"line":63,"column":40}},"63":{"start":{"line":64,"column":0},"end":{"line":64,"column":9}},"64":{"start":{"line":65,"column":0},"end":{"line":65,"column":0}},"65":{"start":{"line":66,"column":0},"end":{"line":66,"column":59}},"66":{"start":{"line":67,"column":0},"end":{"line":67,"column":33}},"67":{"start":{"line":68,"column":0},"end":{"line":68,"column":43}},"68":{"start":{"line":69,"column":0},"end":{"line":69,"column":68}},"69":{"start":{"line":70,"column":0},"end":{"line":70,"column":32}},"70":{"start":{"line":71,"column":0},"end":{"line":71,"column":37}},"71":{"start":{"line":72,"column":0},"end":{"line":72,"column":29}},"72":{"start":{"line":73,"column":0},"end":{"line":73,"column":46}},"73":{"start":{"line":74,"column":0},"end":{"line":74,"column":33}},"74":{"start":{"line":75,"column":0},"end":{"line":75,"column":13}},"75":{"start":{"line":76,"column":0},"end":{"line":76,"column":9}},"76":{"start":{"line":77,"column":0},"end":{"line":77,"column":20}},"77":{"start":{"line":78,"column":0},"end":{"line":78,"column":5}},"78":{"start":{"line":79,"column":0},"end":{"line":79,"column":0}},"79":{"start":{"line":80,"column":0},"end":{"line":80,"column":7}},"80":{"start":{"line":81,"column":0},"end":{"line":81,"column":70}},"81":{"start":{"line":82,"column":0},"end":{"line":82,"column":30}},"82":{"start":{"line":83,"column":0},"end":{"line":83,"column":7}},"83":{"start":{"line":84,"column":0},"end":{"line":84,"column":48}},"84":{"start":{"line":85,"column":0},"end":{"line":85,"column":29}},"85":{"start":{"line":86,"column":0},"end":{"line":86,"column":34}},"86":{"start":{"line":87,"column":0},"end":{"line":87,"column":65}},"87":{"start":{"line":88,"column":0},"end":{"line":88,"column":44}},"88":{"start":{"line":89,"column":0},"end":{"line":89,"column":46}},"89":{"start":{"line":90,"column":0},"end":{"line":90,"column":39}},"90":{"start":{"line":91,"column":0},"end":{"line":91,"column":13}},"91":{"start":{"line":92,"column":0},"end":{"line":92,"column":9}},"92":{"start":{"line":93,"column":0},"end":{"line":93,"column":5}},"93":{"start":{"line":94,"column":0},"end":{"line":94,"column":0}},"94":{"start":{"line":95,"column":0},"end":{"line":95,"column":7}},"95":{"start":{"line":96,"column":0},"end":{"line":96,"column":71}},"96":{"start":{"line":97,"column":0},"end":{"line":97,"column":7}},"97":{"start":{"line":98,"column":0},"end":{"line":98,"column":28}},"98":{"start":{"line":99,"column":0},"end":{"line":99,"column":65}},"99":{"start":{"line":100,"column":0},"end":{"line":100,"column":41}},"100":{"start":{"line":101,"column":0},"end":{"line":101,"column":5}},"101":{"start":{"line":102,"column":0},"end":{"line":102,"column":0}},"102":{"start":{"line":103,"column":0},"end":{"line":103,"column":7}},"103":{"start":{"line":104,"column":0},"end":{"line":104,"column":77}},"104":{"start":{"line":105,"column":0},"end":{"line":105,"column":46}},"105":{"start":{"line":106,"column":0},"end":{"line":106,"column":7}},"106":{"start":{"line":107,"column":0},"end":{"line":107,"column":74}},"107":{"start":{"line":108,"column":0},"end":{"line":108,"column":47}},"108":{"start":{"line":109,"column":0},"end":{"line":109,"column":44}},"109":{"start":{"line":110,"column":0},"end":{"line":110,"column":24}},"110":{"start":{"line":111,"column":0},"end":{"line":111,"column":9}},"111":{"start":{"line":112,"column":0},"end":{"line":112,"column":42}},"112":{"start":{"line":113,"column":0},"end":{"line":113,"column":41}},"113":{"start":{"line":114,"column":0},"end":{"line":114,"column":39}},"114":{"start":{"line":115,"column":0},"end":{"line":115,"column":50}},"115":{"start":{"line":116,"column":0},"end":{"line":116,"column":59}},"116":{"start":{"line":117,"column":0},"end":{"line":117,"column":32}},"117":{"start":{"line":118,"column":0},"end":{"line":118,"column":30}},"118":{"start":{"line":119,"column":0},"end":{"line":119,"column":38}},"119":{"start":{"line":120,"column":0},"end":{"line":120,"column":27}},"120":{"start":{"line":121,"column":0},"end":{"line":121,"column":29}},"121":{"start":{"line":122,"column":0},"end":{"line":122,"column":24}},"122":{"start":{"line":123,"column":0},"end":{"line":123,"column":9}},"123":{"start":{"line":124,"column":0},"end":{"line":124,"column":5}},"124":{"start":{"line":125,"column":0},"end":{"line":125,"column":0}},"125":{"start":{"line":126,"column":0},"end":{"line":126,"column":7}},"126":{"start":{"line":127,"column":0},"end":{"line":127,"column":63}},"127":{"start":{"line":128,"column":0},"end":{"line":128,"column":45}},"128":{"start":{"line":129,"column":0},"end":{"line":129,"column":34}},"129":{"start":{"line":130,"column":0},"end":{"line":130,"column":7}},"130":{"start":{"line":131,"column":0},"end":{"line":131,"column":63}},"131":{"start":{"line":132,"column":0},"end":{"line":132,"column":60}},"132":{"start":{"line":133,"column":0},"end":{"line":133,"column":113}},"133":{"start":{"line":134,"column":0},"end":{"line":134,"column":31}},"134":{"start":{"line":135,"column":0},"end":{"line":135,"column":20}},"135":{"start":{"line":136,"column":0},"end":{"line":136,"column":32}},"136":{"start":{"line":137,"column":0},"end":{"line":137,"column":13}},"137":{"start":{"line":138,"column":0},"end":{"line":138,"column":11}},"138":{"start":{"line":139,"column":0},"end":{"line":139,"column":5}},"139":{"start":{"line":140,"column":0},"end":{"line":140,"column":0}},"140":{"start":{"line":141,"column":0},"end":{"line":141,"column":7}},"141":{"start":{"line":142,"column":0},"end":{"line":142,"column":84}},"142":{"start":{"line":143,"column":0},"end":{"line":143,"column":43}},"143":{"start":{"line":144,"column":0},"end":{"line":144,"column":48}},"144":{"start":{"line":145,"column":0},"end":{"line":145,"column":7}},"145":{"start":{"line":146,"column":0},"end":{"line":146,"column":66}},"146":{"start":{"line":147,"column":0},"end":{"line":147,"column":45}},"147":{"start":{"line":148,"column":0},"end":{"line":148,"column":55}},"148":{"start":{"line":149,"column":0},"end":{"line":149,"column":59}},"149":{"start":{"line":150,"column":0},"end":{"line":150,"column":61}},"150":{"start":{"line":151,"column":0},"end":{"line":151,"column":25}},"151":{"start":{"line":152,"column":0},"end":{"line":152,"column":20}},"152":{"start":{"line":153,"column":0},"end":{"line":153,"column":25}},"153":{"start":{"line":154,"column":0},"end":{"line":154,"column":13}},"154":{"start":{"line":155,"column":0},"end":{"line":155,"column":14}},"155":{"start":{"line":156,"column":0},"end":{"line":156,"column":5}},"156":{"start":{"line":157,"column":0},"end":{"line":157,"column":0}},"157":{"start":{"line":158,"column":0},"end":{"line":158,"column":61}},"158":{"start":{"line":159,"column":0},"end":{"line":159,"column":50}},"159":{"start":{"line":160,"column":0},"end":{"line":160,"column":74}},"160":{"start":{"line":161,"column":0},"end":{"line":161,"column":19}},"161":{"start":{"line":162,"column":0},"end":{"line":162,"column":41}},"162":{"start":{"line":163,"column":0},"end":{"line":163,"column":30}},"163":{"start":{"line":164,"column":0},"end":{"line":164,"column":23}},"164":{"start":{"line":165,"column":0},"end":{"line":165,"column":9}},"165":{"start":{"line":166,"column":0},"end":{"line":166,"column":5}},"166":{"start":{"line":167,"column":0},"end":{"line":167,"column":70}},"167":{"start":{"line":168,"column":0},"end":{"line":168,"column":67}},"168":{"start":{"line":169,"column":0},"end":{"line":169,"column":50}},"169":{"start":{"line":170,"column":0},"end":{"line":170,"column":42}},"170":{"start":{"line":171,"column":0},"end":{"line":171,"column":33}},"171":{"start":{"line":172,"column":0},"end":{"line":172,"column":13}},"172":{"start":{"line":173,"column":0},"end":{"line":173,"column":9}},"173":{"start":{"line":174,"column":0},"end":{"line":174,"column":5}},"174":{"start":{"line":175,"column":0},"end":{"line":175,"column":0}},"175":{"start":{"line":176,"column":0},"end":{"line":176,"column":7}},"176":{"start":{"line":177,"column":0},"end":{"line":177,"column":119}},"177":{"start":{"line":178,"column":0},"end":{"line":178,"column":7}},"178":{"start":{"line":179,"column":0},"end":{"line":179,"column":28}},"179":{"start":{"line":180,"column":0},"end":{"line":180,"column":57}},"180":{"start":{"line":181,"column":0},"end":{"line":181,"column":5}},"181":{"start":{"line":182,"column":0},"end":{"line":182,"column":1}}},"s":{"0":1,"1":1,"2":1,"3":1,"4":1,"5":1,"6":1,"7":1,"8":1,"9":1,"10":1,"11":1,"12":1,"13":1,"14":1,"15":1,"16":1,"17":1,"18":1,"19":1,"20":1,"21":1,"22":1,"23":0,"24":1,"25":1,"26":1,"27":0,"28":1,"29":1,"30":1,"31":765043,"32":1,"33":1,"34":1,"35":1,"36":1,"37":1,"38":1,"39":1,"40":11,"41":11,"42":11,"43":11,"44":11,"45":11,"46":11,"47":1,"48":1,"49":1,"50":1,"51":1,"52":1,"53":1122739,"54":1122739,"55":336614,"56":336614,"57":786125,"58":786125,"59":786125,"60":1122739,"61":625370,"62":625370,"63":625370,"64":786125,"65":786125,"66":786125,"67":1122739,"68":1969995,"69":1969995,"70":1969995,"71":1969995,"72":1969995,"73":544482,"74":544482,"75":1969995,"76":786125,"77":786125,"78":1,"79":1,"80":1,"81":1,"82":1,"83":1,"84":294778,"85":294778,"86":294778,"87":294778,"88":549945,"89":294777,"90":294777,"91":549945,"92":294778,"93":1,"94":1,"95":1,"96":1,"97":1,"98":1,"99":1,"100":1,"101":1,"102":1,"103":1,"104":1,"105":1,"106":1,"107":12256,"108":12256,"109":9703,"110":6611,"111":9164,"112":9164,"113":12256,"114":15408,"115":15408,"116":15408,"117":15408,"118":15408,"119":15408,"120":15408,"121":15408,"122":10011,"123":12256,"124":1,"125":1,"126":1,"127":1,"128":1,"129":1,"130":1,"131":840217,"132":1679548,"133":293118,"134":1679548,"135":1386430,"136":1386430,"137":840217,"138":840217,"139":1,"140":1,"141":1,"142":1,"143":1,"144":1,"145":1,"146":7290,"147":12550,"148":11413,"149":12550,"150":1137,"151":1137,"152":0,"153":0,"154":7290,"155":7290,"156":1,"157":1,"158":1,"159":1,"160":4,"161":4,"162":32,"163":32,"164":32,"165":4,"166":1,"167":1,"168":4,"169":36,"170":32,"171":32,"172":36,"173":4,"174":1,"175":1,"176":1,"177":1,"178":1,"179":4,"180":4,"181":1},"branchMap":{"0":{"type":"branch","line":40,"loc":{"start":{"line":40,"column":4},"end":{"line":47,"column":5}},"locations":[{"start":{"line":40,"column":4},"end":{"line":47,"column":5}}]},"1":{"type":"branch","line":31,"loc":{"start":{"line":31,"column":47},"end":{"line":33,"column":5}},"locations":[{"start":{"line":31,"column":47},"end":{"line":33,"column":5}}]},"2":{"type":"branch","line":53,"loc":{"start":{"line":53,"column":14},"end":{"line":78,"column":5}},"locations":[{"start":{"line":53,"column":14},"end":{"line":78,"column":5}}]},"3":{"type":"branch","line":55,"loc":{"start":{"line":55,"column":38},"end":{"line":57,"column":9}},"locations":[{"start":{"line":55,"column":38},"end":{"line":57,"column":9}}]},"4":{"type":"branch","line":58,"loc":{"start":{"line":58,"column":-1},"end":{"line":61,"column":26}},"locations":[{"start":{"line":58,"column":-1},"end":{"line":61,"column":26}}]},"5":{"type":"branch","line":61,"loc":{"start":{"line":61,"column":26},"end":{"line":64,"column":9}},"locations":[{"start":{"line":61,"column":26},"end":{"line":64,"column":9}}]},"6":{"type":"branch","line":65,"loc":{"start":{"line":65,"column":-1},"end":{"line":68,"column":42}},"locations":[{"start":{"line":65,"column":-1},"end":{"line":68,"column":42}}]},"7":{"type":"branch","line":68,"loc":{"start":{"line":68,"column":42},"end":{"line":76,"column":9}},"locations":[{"start":{"line":68,"column":42},"end":{"line":76,"column":9}}]},"8":{"type":"branch","line":73,"loc":{"start":{"line":73,"column":45},"end":{"line":75,"column":13}},"locations":[{"start":{"line":73,"column":45},"end":{"line":75,"column":13}}]},"9":{"type":"branch","line":77,"loc":{"start":{"line":77,"column":-1},"end":{"line":78,"column":5}},"locations":[{"start":{"line":77,"column":-1},"end":{"line":78,"column":5}}]},"10":{"type":"branch","line":84,"loc":{"start":{"line":84,"column":14},"end":{"line":93,"column":5}},"locations":[{"start":{"line":84,"column":14},"end":{"line":93,"column":5}}]},"11":{"type":"branch","line":88,"loc":{"start":{"line":88,"column":43},"end":{"line":92,"column":9}},"locations":[{"start":{"line":88,"column":43},"end":{"line":92,"column":9}}]},"12":{"type":"branch","line":89,"loc":{"start":{"line":89,"column":45},"end":{"line":91,"column":13}},"locations":[{"start":{"line":89,"column":45},"end":{"line":91,"column":13}}]},"13":{"type":"branch","line":98,"loc":{"start":{"line":98,"column":4},"end":{"line":101,"column":5}},"locations":[{"start":{"line":98,"column":4},"end":{"line":101,"column":5}}]},"14":{"type":"branch","line":107,"loc":{"start":{"line":107,"column":14},"end":{"line":124,"column":5}},"locations":[{"start":{"line":107,"column":14},"end":{"line":124,"column":5}}]},"15":{"type":"branch","line":109,"loc":{"start":{"line":109,"column":43},"end":{"line":111,"column":9}},"locations":[{"start":{"line":109,"column":43},"end":{"line":111,"column":9}}]},"16":{"type":"branch","line":111,"loc":{"start":{"line":111,"column":-1},"end":{"line":111,"column":9}},"locations":[{"start":{"line":111,"column":-1},"end":{"line":111,"column":9}}]},"17":{"type":"branch","line":112,"loc":{"start":{"line":112,"column":-1},"end":{"line":114,"column":38}},"locations":[{"start":{"line":112,"column":-1},"end":{"line":114,"column":38}}]},"18":{"type":"branch","line":114,"loc":{"start":{"line":114,"column":38},"end":{"line":123,"column":9}},"locations":[{"start":{"line":114,"column":38},"end":{"line":123,"column":9}}]},"19":{"type":"branch","line":123,"loc":{"start":{"line":123,"column":-1},"end":{"line":123,"column":9}},"locations":[{"start":{"line":123,"column":-1},"end":{"line":123,"column":9}}]},"20":{"type":"branch","line":131,"loc":{"start":{"line":131,"column":14},"end":{"line":139,"column":5}},"locations":[{"start":{"line":131,"column":14},"end":{"line":139,"column":5}}]},"21":{"type":"branch","line":132,"loc":{"start":{"line":132,"column":36},"end":{"line":138,"column":9}},"locations":[{"start":{"line":132,"column":36},"end":{"line":138,"column":9}}]},"22":{"type":"branch","line":133,"loc":{"start":{"line":133,"column":58},"end":{"line":133,"column":110}},"locations":[{"start":{"line":133,"column":58},"end":{"line":133,"column":110}}]},"23":{"type":"branch","line":133,"loc":{"start":{"line":133,"column":112},"end":{"line":135,"column":19}},"locations":[{"start":{"line":133,"column":112},"end":{"line":135,"column":19}}]},"24":{"type":"branch","line":135,"loc":{"start":{"line":135,"column":13},"end":{"line":137,"column":13}},"locations":[{"start":{"line":135,"column":13},"end":{"line":137,"column":13}}]},"25":{"type":"branch","line":146,"loc":{"start":{"line":146,"column":14},"end":{"line":156,"column":5}},"locations":[{"start":{"line":146,"column":14},"end":{"line":156,"column":5}}]},"26":{"type":"branch","line":147,"loc":{"start":{"line":147,"column":34},"end":{"line":155,"column":9}},"locations":[{"start":{"line":147,"column":34},"end":{"line":155,"column":9}}]},"27":{"type":"branch","line":148,"loc":{"start":{"line":148,"column":54},"end":{"line":150,"column":19}},"locations":[{"start":{"line":148,"column":54},"end":{"line":150,"column":19}}]},"28":{"type":"branch","line":150,"loc":{"start":{"line":150,"column":13},"end":{"line":154,"column":13}},"locations":[{"start":{"line":150,"column":13},"end":{"line":154,"column":13}}]},"29":{"type":"branch","line":152,"loc":{"start":{"line":152,"column":13},"end":{"line":154,"column":13}},"locations":[{"start":{"line":152,"column":13},"end":{"line":154,"column":13}}]},"30":{"type":"branch","line":160,"loc":{"start":{"line":160,"column":14},"end":{"line":166,"column":5}},"locations":[{"start":{"line":160,"column":14},"end":{"line":166,"column":5}}]},"31":{"type":"branch","line":162,"loc":{"start":{"line":162,"column":40},"end":{"line":165,"column":9}},"locations":[{"start":{"line":162,"column":40},"end":{"line":165,"column":9}}]},"32":{"type":"branch","line":168,"loc":{"start":{"line":168,"column":14},"end":{"line":174,"column":5}},"locations":[{"start":{"line":168,"column":14},"end":{"line":174,"column":5}}]},"33":{"type":"branch","line":169,"loc":{"start":{"line":169,"column":49},"end":{"line":173,"column":9}},"locations":[{"start":{"line":169,"column":49},"end":{"line":173,"column":9}}]},"34":{"type":"branch","line":170,"loc":{"start":{"line":170,"column":41},"end":{"line":172,"column":13}},"locations":[{"start":{"line":170,"column":41},"end":{"line":172,"column":13}}]},"35":{"type":"branch","line":179,"loc":{"start":{"line":179,"column":4},"end":{"line":181,"column":5}},"locations":[{"start":{"line":179,"column":4},"end":{"line":181,"column":5}}]}},"b":{"0":[11],"1":[765043],"2":[1122739],"3":[336614],"4":[786125],"5":[625370],"6":[786125],"7":[1969995],"8":[544482],"9":[786125],"10":[294778],"11":[549945],"12":[294777],"13":[1],"14":[12256],"15":[9703],"16":[6611],"17":[9164],"18":[15408],"19":[10011],"20":[840217],"21":[1679548],"22":[1607808],"23":[293118],"24":[1386430],"25":[7290],"26":[12550],"27":[11413],"28":[1137],"29":[0],"30":[4],"31":[32],"32":[4],"33":[36],"34":[32],"35":[4]},"fnMap":{"0":{"name":"Tree","decl":{"start":{"line":40,"column":4},"end":{"line":47,"column":5}},"loc":{"start":{"line":40,"column":4},"end":{"line":47,"column":5}},"line":40},"1":{"name":"Tree.GetMoves","decl":{"start":{"line":23,"column":36},"end":{"line":25,"column":5}},"loc":{"start":{"line":23,"column":36},"end":{"line":25,"column":5}},"line":23},"2":{"name":"Tree.CreateChildNode","decl":{"start":{"line":27,"column":53},"end":{"line":29,"column":5}},"loc":{"start":{"line":27,"column":53},"end":{"line":29,"column":5}},"line":27},"3":{"name":"Tree.EvaluateNode","decl":{"start":{"line":31,"column":47},"end":{"line":33,"column":5}},"loc":{"start":{"line":31,"column":47},"end":{"line":33,"column":5}},"line":31},"4":{"name":"createChildren","decl":{"start":{"line":53,"column":14},"end":{"line":78,"column":5}},"loc":{"start":{"line":53,"column":14},"end":{"line":78,"column":5}},"line":53},"5":{"name":"createTree","decl":{"start":{"line":84,"column":14},"end":{"line":93,"column":5}},"loc":{"start":{"line":84,"column":14},"end":{"line":93,"column":5}},"line":84},"6":{"name":"createFullTree","decl":{"start":{"line":98,"column":4},"end":{"line":101,"column":5}},"loc":{"start":{"line":98,"column":4},"end":{"line":101,"column":5}},"line":98},"7":{"name":"childGen","decl":{"start":{"line":107,"column":14},"end":{"line":124,"column":5}},"loc":{"start":{"line":107,"column":14},"end":{"line":124,"column":5}},"line":107},"8":{"name":"bestChild","decl":{"start":{"line":131,"column":14},"end":{"line":139,"column":5}},"loc":{"start":{"line":131,"column":14},"end":{"line":139,"column":5}},"line":131},"9":{"name":"sortChildren","decl":{"start":{"line":146,"column":14},"end":{"line":156,"column":5}},"loc":{"start":{"line":146,"column":14},"end":{"line":156,"column":5}},"line":146},"10":{"name":"routeGen","decl":{"start":{"line":160,"column":14},"end":{"line":166,"column":5}},"loc":{"start":{"line":160,"column":14},"end":{"line":166,"column":5}},"line":160},"11":{"name":"optimalMoveGen","decl":{"start":{"line":168,"column":14},"end":{"line":174,"column":5}},"loc":{"start":{"line":168,"column":14},"end":{"line":174,"column":5}},"line":168},"12":{"name":"getOptimalMoves","decl":{"start":{"line":179,"column":4},"end":{"line":181,"column":5}},"loc":{"start":{"line":179,"column":4},"end":{"line":181,"column":5}},"line":179}},"f":{"0":11,"1":0,"2":0,"3":765043,"4":1122739,"5":294778,"6":1,"7":12256,"8":840217,"9":7290,"10":4,"11":4,"12":4}}
}
