TN:
SF:../examples/games/mancala.js
FN:3,mancala
FN:11,start
FN:17,generateMoves
FN:25,playMove
FN:84,clone
FN:96,createChildCallback
FNF:6
FNH:6
FNDA:796072,mancala
FNDA:4,start
FNDA:796072,generateMoves
FNDA:796068,playMove
FNDA:796068,clone
FNDA:796068,createChildCallback
DA:1,1
DA:2,1
DA:3,1
DA:4,796072
DA:5,796072
DA:6,796072
DA:7,796072
DA:8,796072
DA:9,796072
DA:10,796072
DA:11,1
DA:12,4
DA:13,4
DA:14,4
DA:15,4
DA:16,4
DA:17,1
DA:18,796072
DA:19,4776432
DA:20,3932796
DA:21,3932796
DA:22,4776432
DA:23,796072
DA:24,796072
DA:25,1
DA:26,796068
DA:27,0
DA:28,0
DA:29,0
DA:30,0
DA:31,0
DA:32,796068
DA:33,796068
DA:34,796068
DA:35,796068
DA:36,3632427
DA:37,3632427
DA:38,1582838
DA:39,1582838
DA:40,2049589
DA:41,553823
DA:42,553823
DA:43,1495766
DA:44,2607
DA:45,2607
DA:46,1493159
DA:47,1493159
DA:48,1493159
DA:49,3632427
DA:50,796068
DA:51,796068
DA:52,35126
DA:53,35126
DA:54,35126
DA:55,25918
DA:56,25918
DA:57,25918
DA:58,25918
DA:59,35126
DA:60,796068
DA:61,796068
DA:62,1592136
DA:63,1592136
DA:64,1999720
DA:65,1592136
DA:66,1592136
DA:67,1592136
DA:68,1999720
DA:69,1592136
DA:70,0
DA:71,0
DA:72,0
DA:73,1592136
DA:74,796068
DA:75,796068
DA:76,796068
DA:77,796068
DA:78,0
DA:79,0
DA:80,796068
DA:81,796068
DA:82,796068
DA:83,796068
DA:84,1
DA:85,796068
DA:86,796068
DA:87,1592136
DA:88,796068
DA:89,796068
DA:90,796068
DA:91,796068
DA:92,796068
DA:93,796068
DA:94,796068
DA:95,1
DA:96,1
DA:97,796068
DA:98,796068
DA:99,796068
DA:100,796068
DA:101,796068
DA:102,796068
DA:103,796068
DA:104,0
DA:105,0
DA:106,0
DA:107,0
DA:108,0
DA:109,796068
DA:110,796068
DA:111,796068
DA:112,796068
DA:113,796068
DA:114,796068
DA:115,1
LF:115
LH:100
BRDA:1,0,0,1
BRDA:3,1,0,796072
BRDA:11,2,0,4
BRDA:17,3,0,796072
BRDA:18,4,0,4776432
BRDA:19,5,0,3932796
BRDA:25,6,0,796068
BRDA:26,7,0,0
BRDA:35,8,0,3632427
BRDA:37,9,0,1582838
BRDA:40,10,0,2049589
BRDA:40,11,0,553823
BRDA:43,12,0,1495766
BRDA:43,13,0,2607
BRDA:46,14,0,1493159
BRDA:51,15,0,242245
BRDA:51,16,0,35126
BRDA:54,17,0,25918
BRDA:61,18,0,1592136
BRDA:63,19,0,1999720
BRDA:64,20,0,1592136
BRDA:69,21,0,0
BRDA:77,22,0,0
BRDA:77,23,0,0
BRDA:84,24,0,796068
BRDA:86,25,0,1592136
BRDA:96,26,0,796068
BRDA:103,27,0,0
BRF:28
BRH:23
end_of_record
TN:
SF:../examples/games/tictactoe.js
FN:3,tictactoe
FN:12,start
FN:20,generateMoves
FN:31,playMove
FN:46,checkWin
FN:73,clone
FN:87,getMovesCallback
FN:91,createChildCallback
FN:105,evaluateGamestateCallback
FNF:9
FNH:9
FNDA:1189345,tictactoe
FNDA:3,start
FNDA:1189339,generateMoves
FNDA:1189335,playMove
FNDA:1189335,checkWin
FNDA:1189342,clone
FNDA:631285,getMovesCallback
FNDA:1189335,createChildCallback
FNDA:842848,evaluateGamestateCallback
DA:1,3
DA:2,3
DA:3,3
DA:4,1189345
DA:5,1189345
DA:6,1189345
DA:7,1189345
DA:8,1189345
DA:9,1189345
DA:10,1189345
DA:11,3
DA:12,3
DA:13,3
DA:14,3
DA:15,9
DA:16,9
DA:17,3
DA:18,3
DA:19,3
DA:20,3
DA:21,1189339
DA:22,1189339
DA:23,3568017
DA:24,10704051
DA:25,1639884
DA:26,1639884
DA:27,10704051
DA:28,3568017
DA:29,1189339
DA:30,3
DA:31,3
DA:32,1189335
DA:33,1189335
DA:34,1189335
DA:35,1189335
DA:36,632341
DA:37,1189335
DA:38,556994
DA:39,556994
DA:40,1189335
DA:41,1189335
DA:42,267330
DA:43,267330
DA:44,1189335
DA:45,3
DA:46,3
DA:47,1189335
DA:48,1189335
DA:49,1189335
DA:50,1189335
DA:51,1189335
DA:52,447872
DA:53,1189335
DA:54,156396
DA:55,156396
DA:56,156396
DA:57,1189335
DA:58,1032939
DA:59,407544
DA:60,1032939
DA:61,145082
DA:62,145082
DA:63,145082
DA:64,1032939
DA:65,74235
DA:66,74235
DA:67,887857
DA:68,73182
DA:69,73182
DA:70,73182
DA:71,1189335
DA:72,3
DA:73,3
DA:74,1189342
DA:75,1189342
DA:76,3568026
DA:77,1189342
DA:78,1189342
DA:79,2829244
DA:80,1189342
DA:81,1189342
DA:82,1189342
DA:83,1189342
DA:84,1189342
DA:85,3
DA:86,3
DA:87,3
DA:88,631285
DA:89,3
DA:90,3
DA:91,3
DA:92,1189335
DA:93,1189335
DA:94,1189335
DA:95,1189335
DA:96,1189335
DA:97,1189335
DA:98,1189335
DA:99,547996
DA:100,1189335
DA:101,641339
DA:102,641339
DA:103,3
DA:104,3
DA:105,3
DA:106,842848
DA:107,842848
DA:108,842848
DA:109,842848
DA:110,384425
DA:111,842848
DA:112,279955
DA:113,279955
DA:114,842848
DA:115,178468
DA:116,842848
DA:117,3
LF:117
LH:117
BRDA:1,0,0,3
BRDA:3,1,0,1189345
BRDA:12,2,0,3
BRDA:14,3,0,9
BRDA:20,4,0,1189339
BRDA:22,5,0,3568017
BRDA:23,6,0,10704051
BRDA:24,7,0,1639884
BRDA:31,8,0,1189335
BRDA:35,9,0,632341
BRDA:37,10,0,556994
BRDA:41,11,0,267330
BRDA:46,12,0,1189335
BRDA:51,13,0,447872
BRDA:53,14,0,156396
BRDA:57,15,0,1032939
BRDA:58,16,0,407544
BRDA:60,17,0,145082
BRDA:64,18,0,887857
BRDA:64,19,0,406587
BRDA:64,20,0,196916
BRDA:64,21,0,74235
BRDA:67,22,0,813622
BRDA:67,23,0,388890
BRDA:67,24,0,180207
BRDA:67,25,0,73182
BRDA:73,26,0,1189342
BRDA:75,27,0,3568026
BRDA:78,28,0,2829244
BRDA:87,29,0,631285
BRDA:91,30,0,1189335
BRDA:98,31,0,547996
BRDA:100,32,0,641339
BRDA:105,33,0,842848
BRDA:109,34,0,384425
BRDA:111,35,0,279955
BRDA:114,36,0,178468
BRF:37
BRH:37
end_of_record
TN:
SF:index.ts
FNF:0
FNH:0
DA:1,1
DA:2,1
DA:3,1
DA:4,1
DA:5,1
DA:6,1
LF:6
LH:6
BRF:0
BRH:0
end_of_record
TN:
SF:negamax/index.ts
FN:16,NegamaxResult
FNF:1
FNH:1
FNDA:83,NegamaxResult
DA:1,1
DA:2,1
DA:3,1
DA:4,1
DA:5,1
DA:6,1
DA:7,1
DA:8,1
DA:9,1
DA:10,1
DA:11,1
DA:12,1
DA:13,1
DA:14,1
DA:15,1
DA:16,1
DA:17,83
DA:18,83
DA:19,83
DA:20,83
DA:21,83
DA:22,83
DA:23,83
DA:24,1
LF:24
LH:24
BRDA:16,0,0,83
BRF:1
BRH:1
end_of_record
TN:
SF:negamax/negamax.ts
FN:39,Negamax
FN:60,evalDepth
FN:93,evalTime
FN:125,evalDeepening
FN:144,depthCallback
FN:164,negamax
FN:207,assignNodeValue
FN:224,checkExpiry
FN:242,getChildren
FN:265,assignBestChild
FNF:10
FNH:10
FNDA:10,Negamax
FNDA:83,evalDepth
FNDA:6,evalTime
FNDA:4,evalDeepening
FNDA:77,depthCallback
FNDA:2448108,negamax
FNDA:1607891,assignNodeValue
FNDA:840217,checkExpiry
FNDA:840217,getChildren
FNDA:840217,assignBestChild
DA:1,1
DA:2,1
DA:3,1
DA:4,1
DA:5,1
DA:6,1
DA:7,1
DA:8,1
DA:9,1
DA:10,1
DA:11,1
DA:12,1
DA:13,1
DA:14,1
DA:15,1
DA:16,1
DA:17,1
DA:18,1
DA:19,1
DA:20,1
DA:21,1
DA:22,1
DA:23,1
DA:24,1
DA:25,1
DA:26,1
DA:27,1
DA:28,1
DA:29,1
DA:30,1
DA:31,1
DA:32,1
DA:33,1
DA:34,1
DA:35,1
DA:36,1
DA:37,1
DA:38,1
DA:39,1
DA:40,10
DA:41,10
DA:42,10
DA:43,10
DA:44,10
DA:45,1
DA:46,1
DA:47,1
DA:48,1
DA:49,1
DA:50,1
DA:51,1
DA:52,1
DA:53,1
DA:54,1
DA:55,1
DA:56,1
DA:57,1
DA:58,1
DA:59,1
DA:60,1
DA:61,83
DA:62,83
DA:63,83
DA:64,83
DA:65,83
DA:66,83
DA:67,83
DA:68,83
DA:69,83
DA:70,83
DA:71,83
DA:72,83
DA:73,83
DA:74,83
DA:75,83
DA:76,83
DA:77,83
DA:78,1
DA:79,1
DA:80,1
DA:81,1
DA:82,1
DA:83,1
DA:84,1
DA:85,1
DA:86,1
DA:87,1
DA:88,1
DA:89,1
DA:90,1
DA:91,1
DA:92,1
DA:93,1
DA:94,6
DA:95,6
DA:96,6
DA:97,6
DA:98,6
DA:99,6
DA:100,6
DA:101,6
DA:102,6
DA:103,51
DA:104,51
DA:105,6
DA:106,6
DA:107,45
DA:108,45
DA:109,0
DA:110,1
DA:111,1
DA:112,1
DA:113,1
DA:114,1
DA:115,1
DA:116,1
DA:117,1
DA:118,1
DA:119,1
DA:120,1
DA:121,1
DA:122,1
DA:123,1
DA:124,1
DA:125,1
DA:126,4
DA:127,4
DA:128,4
DA:129,4
DA:130,4
DA:131,4
DA:132,4
DA:133,32
DA:134,32
DA:135,32
DA:136,4
DA:137,4
DA:138,32
DA:139,0
DA:140,1
DA:141,1
DA:142,1
DA:143,1
DA:144,1
DA:145,77
DA:146,77
DA:147,1
DA:148,1
DA:149,1
DA:150,1
DA:151,1
DA:152,1
DA:153,1
DA:154,1
DA:155,1
DA:156,1
DA:157,1
DA:158,1
DA:159,1
DA:160,1
DA:161,1
DA:162,1
DA:163,1
DA:164,1
DA:165,2448108
DA:166,2448108
DA:167,1607891
DA:168,2448108
DA:169,840217
DA:170,840217
DA:171,0
DA:172,0
DA:173,840217
DA:174,840217
DA:175,840217
DA:176,840217
DA:177,840217
DA:178,2448025
DA:179,2448025
DA:180,2448025
DA:181,0
DA:182,0
DA:183,2448025
DA:184,2448025
DA:185,126214
DA:186,126214
DA:187,126214
DA:188,126214
DA:189,126214
DA:190,41515
DA:191,41515
DA:192,126214
DA:193,2448025
DA:194,840217
DA:195,840217
DA:196,840217
DA:197,840217
DA:198,2448108
DA:199,1
DA:200,1
DA:201,1
DA:202,1
DA:203,1
DA:204,1
DA:205,1
DA:206,1
DA:207,1
DA:208,1607891
DA:209,1607891
DA:210,1607891
DA:211,1607891
DA:212,1607891
DA:213,1607891
DA:214,1318614
DA:215,1318614
DA:216,1318614
DA:217,289277
DA:218,289277
DA:219,1
DA:220,1
DA:221,1
DA:222,1
DA:223,1
DA:224,1
DA:225,840217
DA:226,632905
DA:227,0
DA:228,632905
DA:229,0
DA:230,0
DA:231,0
DA:232,632905
DA:233,840217
DA:234,840217
DA:235,1
DA:236,1
DA:237,1
DA:238,1
DA:239,1
DA:240,1
DA:241,1
DA:242,1
DA:243,840217
DA:244,12256
DA:245,12256
DA:246,5915
DA:247,12256
DA:248,6341
DA:249,6341
DA:250,12256
DA:251,840217
DA:252,827961
DA:253,827961
DA:254,827961
DA:255,949
DA:256,949
DA:257,827961
DA:258,827961
DA:259,840217
DA:260,1
DA:261,1
DA:262,1
DA:263,1
DA:264,1
DA:265,1
DA:266,840217
DA:267,840217
DA:268,0
DA:269,0
DA:270,840217
DA:271,840217
DA:272,840217
DA:273,840217
DA:274,840217
DA:275,840217
DA:276,1
LF:276
LH:264
BRDA:39,0,0,10
BRDA:60,1,0,83
BRDA:93,2,0,6
BRDA:102,3,0,51
BRDA:104,4,0,45
BRDA:104,5,0,6
BRDA:107,6,0,45
BRDA:109,7,0,0
BRDA:125,8,0,4
BRDA:132,9,0,32
BRDA:135,10,0,4
BRDA:139,11,0,0
BRDA:144,12,0,77
BRDA:164,13,0,2448108
BRDA:166,14,0,1062083
BRDA:166,15,0,1607891
BRDA:168,16,0,840217
BRDA:170,17,0,0
BRDA:177,18,0,2448025
BRDA:180,19,0,0
BRDA:184,20,0,126214
BRDA:189,21,0,41515
BRDA:207,22,0,1607891
BRDA:213,23,0,289354
BRDA:213,24,0,139548
BRDA:213,25,0,1318614
BRDA:217,26,0,289277
BRDA:224,27,0,840217
BRDA:225,28,0,632905
BRDA:226,29,0,0
BRDA:228,30,0,0
BRDA:242,31,0,840217
BRDA:243,32,0,12256
BRDA:245,33,0,5915
BRDA:247,34,0,6341
BRDA:251,35,0,827961
BRDA:254,36,0,336614
BRDA:254,37,0,949
BRDA:254,38,0,949
BRDA:265,39,0,840217
BRDA:267,40,0,0
BRF:41
BRH:34
end_of_record
TN:
SF:tree/node.ts
FN:67,Node
FNF:1
FNH:1
FNDA:1985414,Node
DA:1,1
DA:2,1
DA:3,1
DA:4,1
DA:5,1
DA:6,1
DA:7,1
DA:8,1
DA:9,1
DA:10,1
DA:11,1
DA:12,1
DA:13,1
DA:14,1
DA:15,1
DA:16,1
DA:17,1
DA:18,1
DA:19,1
DA:20,1
DA:21,1
DA:22,1
DA:23,1
DA:24,1
DA:25,1
DA:26,1
DA:27,1
DA:28,1
DA:29,1
DA:30,1
DA:31,1
DA:32,1
DA:33,1
DA:34,1
DA:35,1
DA:36,1
DA:37,1
DA:38,1
DA:39,1
DA:40,1
DA:41,1
DA:42,1
DA:43,1
DA:44,1
DA:45,1
DA:46,1
DA:47,1
DA:48,1
DA:49,1
DA:50,1
DA:51,1
DA:52,1
DA:53,1
DA:54,1
DA:55,1
DA:56,1
DA:57,1
DA:58,1
DA:59,1
DA:60,1
DA:61,1
DA:62,1
DA:63,1
DA:64,1
DA:65,1
DA:66,1
DA:67,1
DA:68,1985414
DA:69,1985414
DA:70,1985414
DA:71,1985414
DA:72,1985414
DA:73,1985414
DA:74,1
LF:74
LH:74
BRDA:67,0,0,1985414
BRF:1
BRH:1
end_of_record
TN:
SF:tree/search.ts
FN:24,SearchOpts
FNF:1
FNH:1
FNDA:17,SearchOpts
DA:1,1
DA:2,1
DA:3,1
DA:4,1
DA:5,1
DA:6,1
DA:7,1
DA:8,1
DA:9,1
DA:10,1
DA:11,1
DA:12,1
DA:13,1
DA:14,1
DA:15,1
DA:16,1
DA:17,1
DA:18,1
DA:19,1
DA:20,1
DA:21,1
DA:22,1
DA:23,1
DA:24,17
DA:25,17
DA:26,17
DA:27,17
DA:28,17
DA:29,17
DA:30,17
DA:31,17
DA:32,17
DA:33,17
DA:34,17
DA:35,17
DA:36,17
DA:37,17
DA:38,17
DA:39,17
DA:40,17
DA:41,17
DA:42,17
DA:43,17
DA:44,17
DA:45,17
DA:46,17
DA:47,17
DA:48,17
DA:49,17
LF:49
LH:49
BRDA:24,0,0,17
BRF:1
BRH:1
end_of_record
TN:
SF:tree/tree.ts
FN:40,Tree
FN:23,Tree.GetMoves
FN:27,Tree.CreateChildNode
FN:31,Tree.EvaluateNode
FN:53,createChildren
FN:84,createTree
FN:98,createFullTree
FN:107,childGen
FN:131,bestChild
FN:146,sortChildren
FN:160,routeGen
FN:168,optimalMoveGen
FN:179,getOptimalMoves
FNF:13
FNH:11
FNDA:11,Tree
FNDA:0,Tree.GetMoves
FNDA:0,Tree.CreateChildNode
FNDA:765043,Tree.EvaluateNode
FNDA:1122739,createChildren
FNDA:294778,createTree
FNDA:1,createFullTree
FNDA:12256,childGen
FNDA:840217,bestChild
FNDA:7290,sortChildren
FNDA:4,routeGen
FNDA:4,optimalMoveGen
FNDA:4,getOptimalMoves
DA:1,1
DA:2,1
DA:3,1
DA:4,1
DA:5,1
DA:6,1
DA:7,1
DA:8,1
DA:9,1
DA:10,1
DA:11,1
DA:12,1
DA:13,1
DA:14,1
DA:15,1
DA:16,1
DA:17,1
DA:18,1
DA:19,1
DA:20,1
DA:21,1
DA:22,1
DA:23,1
DA:24,0
DA:25,1
DA:26,1
DA:27,1
DA:28,0
DA:29,1
DA:30,1
DA:31,1
DA:32,765043
DA:33,1
DA:34,1
DA:35,1
DA:36,1
DA:37,1
DA:38,1
DA:39,1
DA:40,1
DA:41,11
DA:42,11
DA:43,11
DA:44,11
DA:45,11
DA:46,11
DA:47,11
DA:48,1
DA:49,1
DA:50,1
DA:51,1
DA:52,1
DA:53,1
DA:54,1122739
DA:55,1122739
DA:56,336614
DA:57,336614
DA:58,786125
DA:59,786125
DA:60,786125
DA:61,1122739
DA:62,625370
DA:63,625370
DA:64,625370
DA:65,786125
DA:66,786125
DA:67,786125
DA:68,1122739
DA:69,1969995
DA:70,1969995
DA:71,1969995
DA:72,1969995
DA:73,1969995
DA:74,544482
DA:75,544482
DA:76,1969995
DA:77,786125
DA:78,786125
DA:79,1
DA:80,1
DA:81,1
DA:82,1
DA:83,1
DA:84,1
DA:85,294778
DA:86,294778
DA:87,294778
DA:88,294778
DA:89,549945
DA:90,294777
DA:91,294777
DA:92,549945
DA:93,294778
DA:94,1
DA:95,1
DA:96,1
DA:97,1
DA:98,1
DA:99,1
DA:100,1
DA:101,1
DA:102,1
DA:103,1
DA:104,1
DA:105,1
DA:106,1
DA:107,1
DA:108,12256
DA:109,12256
DA:110,9703
DA:111,6611
DA:112,9164
DA:113,9164
DA:114,12256
DA:115,15408
DA:116,15408
DA:117,15408
DA:118,15408
DA:119,15408
DA:120,15408
DA:121,15408
DA:122,15408
DA:123,10011
DA:124,12256
DA:125,1
DA:126,1
DA:127,1
DA:128,1
DA:129,1
DA:130,1
DA:131,1
DA:132,840217
DA:133,1679548
DA:134,293118
DA:135,1679548
DA:136,1386430
DA:137,1386430
DA:138,840217
DA:139,840217
DA:140,1
DA:141,1
DA:142,1
DA:143,1
DA:144,1
DA:145,1
DA:146,1
DA:147,7290
DA:148,12550
DA:149,11413
DA:150,12550
DA:151,1137
DA:152,1137
DA:153,0
DA:154,0
DA:155,7290
DA:156,7290
DA:157,1
DA:158,1
DA:159,1
DA:160,1
DA:161,4
DA:162,4
DA:163,32
DA:164,32
DA:165,32
DA:166,4
DA:167,1
DA:168,1
DA:169,4
DA:170,36
DA:171,32
DA:172,32
DA:173,36
DA:174,4
DA:175,1
DA:176,1
DA:177,1
DA:178,1
DA:179,1
DA:180,4
DA:181,4
DA:182,1
LF:182
LH:178
BRDA:40,0,0,11
BRDA:31,1,0,765043
BRDA:53,2,0,1122739
BRDA:55,3,0,336614
BRDA:58,4,0,786125
BRDA:61,5,0,625370
BRDA:65,6,0,786125
BRDA:68,7,0,1969995
BRDA:73,8,0,544482
BRDA:77,9,0,786125
BRDA:84,10,0,294778
BRDA:88,11,0,549945
BRDA:89,12,0,294777
BRDA:98,13,0,1
BRDA:107,14,0,12256
BRDA:109,15,0,9703
BRDA:111,16,0,6611
BRDA:112,17,0,9164
BRDA:114,18,0,15408
BRDA:123,19,0,10011
BRDA:131,20,0,840217
BRDA:132,21,0,1679548
BRDA:133,22,0,1607808
BRDA:133,23,0,293118
BRDA:135,24,0,1386430
BRDA:146,25,0,7290
BRDA:147,26,0,12550
BRDA:148,27,0,11413
BRDA:150,28,0,1137
BRDA:152,29,0,0
BRDA:160,30,0,4
BRDA:162,31,0,32
BRDA:168,32,0,4
BRDA:169,33,0,36
BRDA:170,34,0,32
BRDA:179,35,0,4
BRF:36
BRH:35
end_of_record
